console.error: SearchCache: "_readCacheFile: Error reading cache file:" (new Error("", "(unknown module)"))
1599821936405	Marionette	INFO	Listening on port 39297
1599821936418	Marionette	WARN	TLS certificate errors will be ignored for this session
JavaScript error: resource://gre/modules/URIFixup.jsm, line 281: NS_ERROR_FAILURE: Should pass a non-null uri
1599821953724	Marionette	INFO	Stopped listening on port 39297
*** You are running in headless mode.
console.error: SearchCache: "_readCacheFile: Error reading cache file:" (new Error("", "(unknown module)"))
1599822023202	Marionette	INFO	Listening on port 46161
1599822023241	Marionette	WARN	TLS certificate errors will be ignored for this session
JavaScript warning: https://ob.cheqzone.com/clicktrue_invocation.js?id=5566, line 1: WebGL warning: <Create>: Can't use WebGL in headless mode (https://bugzil.la/1375585).
JavaScript warning: https://ob.cheqzone.com/clicktrue_invocation.js?id=5566, line 1: Failed to create WebGL context: WebGL creation failed: 
* Can't use WebGL in headless mode (https://bugzil.la/1375585).
JavaScript warning: https://ob.cheqzone.com/clicktrue_invocation.js?id=5566, line 1: WebGL warning: <Create>: Can't use WebGL in headless mode (https://bugzil.la/1375585).
JavaScript warning: https://ob.cheqzone.com/clicktrue_invocation.js?id=5566, line 1: Failed to create WebGL context: WebGL creation failed: 
* Can't use WebGL in headless mode (https://bugzil.la/1375585).
JavaScript warning: https://ob.cheqzone.com/clicktrue_invocation.js?id=5566, line 1: WebGL warning: <Create>: Can't use WebGL in headless mode (https://bugzil.la/1375585).
JavaScript warning: https://ob.cheqzone.com/clicktrue_invocation.js?id=5566, line 1: Failed to create WebGL context: WebGL creation failed: 
* Can't use WebGL in headless mode (https://bugzil.la/1375585).
*** You are running in headless mode.
console.error: SearchCache: "_readCacheFile: Error reading cache file:" (new Error("", "(unknown module)"))
1599822138583	Marionette	INFO	Listening on port 36581
1599822138624	Marionette	WARN	TLS certificate errors will be ignored for this session
JavaScript warning: https://ob.cheqzone.com/clicktrue_invocation.js?id=5566, line 1: WebGL warning: <Create>: Can't use WebGL in headless mode (https://bugzil.la/1375585).
JavaScript warning: https://ob.cheqzone.com/clicktrue_invocation.js?id=5566, line 1: Failed to create WebGL context: WebGL creation failed: 
* Can't use WebGL in headless mode (https://bugzil.la/1375585).
JavaScript warning: https://ob.cheqzone.com/clicktrue_invocation.js?id=5566, line 1: WebGL warning: <Create>: Can't use WebGL in headless mode (https://bugzil.la/1375585).
JavaScript warning: https://ob.cheqzone.com/clicktrue_invocation.js?id=5566, line 1: Failed to create WebGL context: WebGL creation failed: 
* Can't use WebGL in headless mode (https://bugzil.la/1375585).
JavaScript warning: https://ob.cheqzone.com/clicktrue_invocation.js?id=5566, line 1: WebGL warning: <Create>: Can't use WebGL in headless mode (https://bugzil.la/1375585).
JavaScript warning: https://ob.cheqzone.com/clicktrue_invocation.js?id=5566, line 1: Failed to create WebGL context: WebGL creation failed: 
* Can't use WebGL in headless mode (https://bugzil.la/1375585).
*** You are running in headless mode.
console.error: SearchCache: "_readCacheFile: Error reading cache file:" (new Error("", "(unknown module)"))
1599822166512	Marionette	INFO	Listening on port 36959
1599822166577	Marionette	WARN	TLS certificate errors will be ignored for this session
JavaScript warning: https://ob.cheqzone.com/clicktrue_invocation.js?id=5566, line 1: WebGL warning: <Create>: Can't use WebGL in headless mode (https://bugzil.la/1375585).
JavaScript warning: https://ob.cheqzone.com/clicktrue_invocation.js?id=5566, line 1: Failed to create WebGL context: WebGL creation failed: 
* Can't use WebGL in headless mode (https://bugzil.la/1375585).
JavaScript warning: https://ob.cheqzone.com/clicktrue_invocation.js?id=5566, line 1: WebGL warning: <Create>: Can't use WebGL in headless mode (https://bugzil.la/1375585).
JavaScript warning: https://ob.cheqzone.com/clicktrue_invocation.js?id=5566, line 1: Failed to create WebGL context: WebGL creation failed: 
* Can't use WebGL in headless mode (https://bugzil.la/1375585).
JavaScript warning: https://ob.cheqzone.com/clicktrue_invocation.js?id=5566, line 1: WebGL warning: <Create>: Can't use WebGL in headless mode (https://bugzil.la/1375585).
JavaScript warning: https://ob.cheqzone.com/clicktrue_invocation.js?id=5566, line 1: Failed to create WebGL context: WebGL creation failed: 
* Can't use WebGL in headless mode (https://bugzil.la/1375585).
*** You are running in headless mode.
console.error: SearchCache: "_readCacheFile: Error reading cache file:" (new Error("", "(unknown module)"))
1599822282769	Marionette	INFO	Listening on port 34027
1599822282807	Marionette	WARN	TLS certificate errors will be ignored for this session
JavaScript warning: https://ob.cheqzone.com/clicktrue_invocation.js?id=5566, line 1: WebGL warning: <Create>: Can't use WebGL in headless mode (https://bugzil.la/1375585).
JavaScript warning: https://ob.cheqzone.com/clicktrue_invocation.js?id=5566, line 1: Failed to create WebGL context: WebGL creation failed: 
* Can't use WebGL in headless mode (https://bugzil.la/1375585).
JavaScript warning: https://ob.cheqzone.com/clicktrue_invocation.js?id=5566, line 1: WebGL warning: <Create>: Can't use WebGL in headless mode (https://bugzil.la/1375585).
JavaScript warning: https://ob.cheqzone.com/clicktrue_invocation.js?id=5566, line 1: Failed to create WebGL context: WebGL creation failed: 
* Can't use WebGL in headless mode (https://bugzil.la/1375585).
JavaScript warning: https://ob.cheqzone.com/clicktrue_invocation.js?id=5566, line 1: WebGL warning: <Create>: Can't use WebGL in headless mode (https://bugzil.la/1375585).
JavaScript warning: https://ob.cheqzone.com/clicktrue_invocation.js?id=5566, line 1: Failed to create WebGL context: WebGL creation failed: 
* Can't use WebGL in headless mode (https://bugzil.la/1375585).
*** You are running in headless mode.
console.error: SearchCache: "_readCacheFile: Error reading cache file:" (new Error("", "(unknown module)"))
1599822307811	Marionette	INFO	Listening on port 39901
1599822307827	Marionette	WARN	TLS certificate errors will be ignored for this session
JavaScript warning: https://ob.cheqzone.com/clicktrue_invocation.js?id=5566, line 1: WebGL warning: <Create>: Can't use WebGL in headless mode (https://bugzil.la/1375585).
JavaScript warning: https://ob.cheqzone.com/clicktrue_invocation.js?id=5566, line 1: Failed to create WebGL context: WebGL creation failed: 
* Can't use WebGL in headless mode (https://bugzil.la/1375585).
JavaScript warning: https://ob.cheqzone.com/clicktrue_invocation.js?id=5566, line 1: WebGL warning: <Create>: Can't use WebGL in headless mode (https://bugzil.la/1375585).
JavaScript warning: https://ob.cheqzone.com/clicktrue_invocation.js?id=5566, line 1: Failed to create WebGL context: WebGL creation failed: 
* Can't use WebGL in headless mode (https://bugzil.la/1375585).
JavaScript warning: https://ob.cheqzone.com/clicktrue_invocation.js?id=5566, line 1: WebGL warning: <Create>: Can't use WebGL in headless mode (https://bugzil.la/1375585).
JavaScript warning: https://ob.cheqzone.com/clicktrue_invocation.js?id=5566, line 1: Failed to create WebGL context: WebGL creation failed: 
* Can't use WebGL in headless mode (https://bugzil.la/1375585).
*** You are running in headless mode.
console.error: SearchCache: "_readCacheFile: Error reading cache file:" (new Error("", "(unknown module)"))
1599822316376	Marionette	INFO	Listening on port 40513
1599822316478	Marionette	WARN	TLS certificate errors will be ignored for this session
JavaScript warning: https://ob.cheqzone.com/clicktrue_invocation.js?id=5566, line 1: WebGL warning: <Create>: Can't use WebGL in headless mode (https://bugzil.la/1375585).
JavaScript warning: https://ob.cheqzone.com/clicktrue_invocation.js?id=5566, line 1: Failed to create WebGL context: WebGL creation failed: 
* Can't use WebGL in headless mode (https://bugzil.la/1375585).
JavaScript warning: https://ob.cheqzone.com/clicktrue_invocation.js?id=5566, line 1: WebGL warning: <Create>: Can't use WebGL in headless mode (https://bugzil.la/1375585).
JavaScript warning: https://ob.cheqzone.com/clicktrue_invocation.js?id=5566, line 1: Failed to create WebGL context: WebGL creation failed: 
* Can't use WebGL in headless mode (https://bugzil.la/1375585).
JavaScript warning: https://ob.cheqzone.com/clicktrue_invocation.js?id=5566, line 1: WebGL warning: <Create>: Can't use WebGL in headless mode (https://bugzil.la/1375585).
JavaScript warning: https://ob.cheqzone.com/clicktrue_invocation.js?id=5566, line 1: Failed to create WebGL context: WebGL creation failed: 
* Can't use WebGL in headless mode (https://bugzil.la/1375585).
*** You are running in headless mode.
console.error: SearchCache: "_readCacheFile: Error reading cache file:" (new Error("", "(unknown module)"))
1599822328663	Marionette	INFO	Listening on port 37595
1599822328764	Marionette	WARN	TLS certificate errors will be ignored for this session
JavaScript warning: https://ob.cheqzone.com/clicktrue_invocation.js?id=5566, line 1: WebGL warning: <Create>: Can't use WebGL in headless mode (https://bugzil.la/1375585).
JavaScript warning: https://ob.cheqzone.com/clicktrue_invocation.js?id=5566, line 1: Failed to create WebGL context: WebGL creation failed: 
* Can't use WebGL in headless mode (https://bugzil.la/1375585).
JavaScript warning: https://ob.cheqzone.com/clicktrue_invocation.js?id=5566, line 1: WebGL warning: <Create>: Can't use WebGL in headless mode (https://bugzil.la/1375585).
JavaScript warning: https://ob.cheqzone.com/clicktrue_invocation.js?id=5566, line 1: Failed to create WebGL context: WebGL creation failed: 
* Can't use WebGL in headless mode (https://bugzil.la/1375585).
JavaScript warning: https://ob.cheqzone.com/clicktrue_invocation.js?id=5566, line 1: WebGL warning: <Create>: Can't use WebGL in headless mode (https://bugzil.la/1375585).
JavaScript warning: https://ob.cheqzone.com/clicktrue_invocation.js?id=5566, line 1: Failed to create WebGL context: WebGL creation failed: 
* Can't use WebGL in headless mode (https://bugzil.la/1375585).
*** You are running in headless mode.
console.error: SearchCache: "_readCacheFile: Error reading cache file:" (new Error("", "(unknown module)"))
1599822370243	Marionette	INFO	Listening on port 42255
1599822370284	Marionette	WARN	TLS certificate errors will be ignored for this session
JavaScript warning: https://ob.cheqzone.com/clicktrue_invocation.js?id=5566, line 1: WebGL warning: <Create>: Can't use WebGL in headless mode (https://bugzil.la/1375585).
JavaScript warning: https://ob.cheqzone.com/clicktrue_invocation.js?id=5566, line 1: Failed to create WebGL context: WebGL creation failed: 
* Can't use WebGL in headless mode (https://bugzil.la/1375585).
JavaScript warning: https://ob.cheqzone.com/clicktrue_invocation.js?id=5566, line 1: WebGL warning: <Create>: Can't use WebGL in headless mode (https://bugzil.la/1375585).
JavaScript warning: https://ob.cheqzone.com/clicktrue_invocation.js?id=5566, line 1: Failed to create WebGL context: WebGL creation failed: 
* Can't use WebGL in headless mode (https://bugzil.la/1375585).
JavaScript warning: https://ob.cheqzone.com/clicktrue_invocation.js?id=5566, line 1: WebGL warning: <Create>: Can't use WebGL in headless mode (https://bugzil.la/1375585).
JavaScript warning: https://ob.cheqzone.com/clicktrue_invocation.js?id=5566, line 1: Failed to create WebGL context: WebGL creation failed: 
* Can't use WebGL in headless mode (https://bugzil.la/1375585).
*** You are running in headless mode.
console.error: SearchCache: "_readCacheFile: Error reading cache file:" (new Error("", "(unknown module)"))
1599822472774	Marionette	INFO	Listening on port 39909
1599822472862	Marionette	WARN	TLS certificate errors will be ignored for this session
JavaScript warning: https://ob.cheqzone.com/clicktrue_invocation.js?id=5566, line 1: WebGL warning: <Create>: Can't use WebGL in headless mode (https://bugzil.la/1375585).
JavaScript warning: https://ob.cheqzone.com/clicktrue_invocation.js?id=5566, line 1: Failed to create WebGL context: WebGL creation failed: 
* Can't use WebGL in headless mode (https://bugzil.la/1375585).
JavaScript warning: https://ob.cheqzone.com/clicktrue_invocation.js?id=5566, line 1: WebGL warning: <Create>: Can't use WebGL in headless mode (https://bugzil.la/1375585).
JavaScript warning: https://ob.cheqzone.com/clicktrue_invocation.js?id=5566, line 1: Failed to create WebGL context: WebGL creation failed: 
* Can't use WebGL in headless mode (https://bugzil.la/1375585).
JavaScript warning: https://ob.cheqzone.com/clicktrue_invocation.js?id=5566, line 1: WebGL warning: <Create>: Can't use WebGL in headless mode (https://bugzil.la/1375585).
JavaScript warning: https://ob.cheqzone.com/clicktrue_invocation.js?id=5566, line 1: Failed to create WebGL context: WebGL creation failed: 
* Can't use WebGL in headless mode (https://bugzil.la/1375585).
*** You are running in headless mode.
console.error: SearchCache: "_readCacheFile: Error reading cache file:" (new Error("", "(unknown module)"))
1599822492078	Marionette	INFO	Listening on port 37779
1599822492166	Marionette	WARN	TLS certificate errors will be ignored for this session
JavaScript warning: https://ob.cheqzone.com/clicktrue_invocation.js?id=5566, line 1: WebGL warning: <Create>: Can't use WebGL in headless mode (https://bugzil.la/1375585).
JavaScript warning: https://ob.cheqzone.com/clicktrue_invocation.js?id=5566, line 1: Failed to create WebGL context: WebGL creation failed: 
* Can't use WebGL in headless mode (https://bugzil.la/1375585).
JavaScript warning: https://ob.cheqzone.com/clicktrue_invocation.js?id=5566, line 1: WebGL warning: <Create>: Can't use WebGL in headless mode (https://bugzil.la/1375585).
JavaScript warning: https://ob.cheqzone.com/clicktrue_invocation.js?id=5566, line 1: Failed to create WebGL context: WebGL creation failed: 
* Can't use WebGL in headless mode (https://bugzil.la/1375585).
JavaScript warning: https://ob.cheqzone.com/clicktrue_invocation.js?id=5566, line 1: WebGL warning: <Create>: Can't use WebGL in headless mode (https://bugzil.la/1375585).
JavaScript warning: https://ob.cheqzone.com/clicktrue_invocation.js?id=5566, line 1: Failed to create WebGL context: WebGL creation failed: 
* Can't use WebGL in headless mode (https://bugzil.la/1375585).
*** You are running in headless mode.
console.error: SearchCache: "_readCacheFile: Error reading cache file:" (new Error("", "(unknown module)"))
1599822828257	Marionette	INFO	Listening on port 37795
1599822828271	Marionette	WARN	TLS certificate errors will be ignored for this session
JavaScript warning: https://ob.cheqzone.com/clicktrue_invocation.js?id=5566, line 1: WebGL warning: <Create>: Can't use WebGL in headless mode (https://bugzil.la/1375585).
JavaScript warning: https://ob.cheqzone.com/clicktrue_invocation.js?id=5566, line 1: Failed to create WebGL context: WebGL creation failed: 
* Can't use WebGL in headless mode (https://bugzil.la/1375585).
JavaScript warning: https://ob.cheqzone.com/clicktrue_invocation.js?id=5566, line 1: WebGL warning: <Create>: Can't use WebGL in headless mode (https://bugzil.la/1375585).
JavaScript warning: https://ob.cheqzone.com/clicktrue_invocation.js?id=5566, line 1: Failed to create WebGL context: WebGL creation failed: 
* Can't use WebGL in headless mode (https://bugzil.la/1375585).
JavaScript warning: https://ob.cheqzone.com/clicktrue_invocation.js?id=5566, line 1: WebGL warning: <Create>: Can't use WebGL in headless mode (https://bugzil.la/1375585).
JavaScript warning: https://ob.cheqzone.com/clicktrue_invocation.js?id=5566, line 1: Failed to create WebGL context: WebGL creation failed: 
* Can't use WebGL in headless mode (https://bugzil.la/1375585).
JavaScript warning: https://ob.cheqzone.com/clicktrue_invocation.js?id=5566, line 1: WebGL warning: <Create>: Can't use WebGL in headless mode (https://bugzil.la/1375585).
JavaScript warning: https://ob.cheqzone.com/clicktrue_invocation.js?id=5566, line 1: Failed to create WebGL context: WebGL creation failed: 
* Can't use WebGL in headless mode (https://bugzil.la/1375585).
JavaScript warning: https://ob.cheqzone.com/clicktrue_invocation.js?id=5566, line 1: WebGL warning: <Create>: Can't use WebGL in headless mode (https://bugzil.la/1375585).
JavaScript warning: https://ob.cheqzone.com/clicktrue_invocation.js?id=5566, line 1: Failed to create WebGL context: WebGL creation failed: 
* Can't use WebGL in headless mode (https://bugzil.la/1375585).
JavaScript warning: https://ob.cheqzone.com/clicktrue_invocation.js?id=5566, line 1: WebGL warning: <Create>: Can't use WebGL in headless mode (https://bugzil.la/1375585).
JavaScript warning: https://ob.cheqzone.com/clicktrue_invocation.js?id=5566, line 1: Failed to create WebGL context: WebGL creation failed: 
* Can't use WebGL in headless mode (https://bugzil.la/1375585).
*** You are running in headless mode.
console.error: SearchCache: "_readCacheFile: Error reading cache file:" (new Error("", "(unknown module)"))
1599822875041	Marionette	INFO	Listening on port 40455
1599822875131	Marionette	WARN	TLS certificate errors will be ignored for this session
JavaScript warning: https://ob.cheqzone.com/clicktrue_invocation.js?id=5566, line 1: WebGL warning: <Create>: Can't use WebGL in headless mode (https://bugzil.la/1375585).
JavaScript warning: https://ob.cheqzone.com/clicktrue_invocation.js?id=5566, line 1: Failed to create WebGL context: WebGL creation failed: 
* Can't use WebGL in headless mode (https://bugzil.la/1375585).
JavaScript warning: https://ob.cheqzone.com/clicktrue_invocation.js?id=5566, line 1: WebGL warning: <Create>: Can't use WebGL in headless mode (https://bugzil.la/1375585).
JavaScript warning: https://ob.cheqzone.com/clicktrue_invocation.js?id=5566, line 1: Failed to create WebGL context: WebGL creation failed: 
* Can't use WebGL in headless mode (https://bugzil.la/1375585).
JavaScript warning: https://ob.cheqzone.com/clicktrue_invocation.js?id=5566, line 1: WebGL warning: <Create>: Can't use WebGL in headless mode (https://bugzil.la/1375585).
JavaScript warning: https://ob.cheqzone.com/clicktrue_invocation.js?id=5566, line 1: Failed to create WebGL context: WebGL creation failed: 
* Can't use WebGL in headless mode (https://bugzil.la/1375585).
JavaScript warning: https://ob.cheqzone.com/clicktrue_invocation.js?id=5566, line 1: WebGL warning: <Create>: Can't use WebGL in headless mode (https://bugzil.la/1375585).
JavaScript warning: https://ob.cheqzone.com/clicktrue_invocation.js?id=5566, line 1: Failed to create WebGL context: WebGL creation failed: 
* Can't use WebGL in headless mode (https://bugzil.la/1375585).
JavaScript warning: https://ob.cheqzone.com/clicktrue_invocation.js?id=5566, line 1: WebGL warning: <Create>: Can't use WebGL in headless mode (https://bugzil.la/1375585).
JavaScript warning: https://ob.cheqzone.com/clicktrue_invocation.js?id=5566, line 1: Failed to create WebGL context: WebGL creation failed: 
* Can't use WebGL in headless mode (https://bugzil.la/1375585).
JavaScript warning: https://ob.cheqzone.com/clicktrue_invocation.js?id=5566, line 1: WebGL warning: <Create>: Can't use WebGL in headless mode (https://bugzil.la/1375585).
JavaScript warning: https://ob.cheqzone.com/clicktrue_invocation.js?id=5566, line 1: Failed to create WebGL context: WebGL creation failed: 
* Can't use WebGL in headless mode (https://bugzil.la/1375585).
*** You are running in headless mode.
console.error: SearchCache: "_readCacheFile: Error reading cache file:" (new Error("", "(unknown module)"))
1599822891695	Marionette	INFO	Listening on port 36609
1599822891734	Marionette	WARN	TLS certificate errors will be ignored for this session
JavaScript warning: https://ob.cheqzone.com/clicktrue_invocation.js?id=5566, line 1: WebGL warning: <Create>: Can't use WebGL in headless mode (https://bugzil.la/1375585).
JavaScript warning: https://ob.cheqzone.com/clicktrue_invocation.js?id=5566, line 1: Failed to create WebGL context: WebGL creation failed: 
* Can't use WebGL in headless mode (https://bugzil.la/1375585).
JavaScript warning: https://ob.cheqzone.com/clicktrue_invocation.js?id=5566, line 1: WebGL warning: <Create>: Can't use WebGL in headless mode (https://bugzil.la/1375585).
JavaScript warning: https://ob.cheqzone.com/clicktrue_invocation.js?id=5566, line 1: Failed to create WebGL context: WebGL creation failed: 
* Can't use WebGL in headless mode (https://bugzil.la/1375585).
JavaScript warning: https://ob.cheqzone.com/clicktrue_invocation.js?id=5566, line 1: WebGL warning: <Create>: Can't use WebGL in headless mode (https://bugzil.la/1375585).
JavaScript warning: https://ob.cheqzone.com/clicktrue_invocation.js?id=5566, line 1: Failed to create WebGL context: WebGL creation failed: 
* Can't use WebGL in headless mode (https://bugzil.la/1375585).
JavaScript warning: https://ob.cheqzone.com/clicktrue_invocation.js?id=5566, line 1: WebGL warning: <Create>: Can't use WebGL in headless mode (https://bugzil.la/1375585).
JavaScript warning: https://ob.cheqzone.com/clicktrue_invocation.js?id=5566, line 1: Failed to create WebGL context: WebGL creation failed: 
* Can't use WebGL in headless mode (https://bugzil.la/1375585).
JavaScript warning: https://ob.cheqzone.com/clicktrue_invocation.js?id=5566, line 1: WebGL warning: <Create>: Can't use WebGL in headless mode (https://bugzil.la/1375585).
JavaScript warning: https://ob.cheqzone.com/clicktrue_invocation.js?id=5566, line 1: Failed to create WebGL context: WebGL creation failed: 
* Can't use WebGL in headless mode (https://bugzil.la/1375585).
JavaScript warning: https://ob.cheqzone.com/clicktrue_invocation.js?id=5566, line 1: WebGL warning: <Create>: Can't use WebGL in headless mode (https://bugzil.la/1375585).
JavaScript warning: https://ob.cheqzone.com/clicktrue_invocation.js?id=5566, line 1: Failed to create WebGL context: WebGL creation failed: 
* Can't use WebGL in headless mode (https://bugzil.la/1375585).
*** You are running in headless mode.
console.error: SearchCache: "_readCacheFile: Error reading cache file:" (new Error("", "(unknown module)"))
1599822915130	Marionette	INFO	Listening on port 41089
1599822915144	Marionette	WARN	TLS certificate errors will be ignored for this session
JavaScript warning: https://ob.cheqzone.com/clicktrue_invocation.js?id=5566, line 1: WebGL warning: <Create>: Can't use WebGL in headless mode (https://bugzil.la/1375585).
JavaScript warning: https://ob.cheqzone.com/clicktrue_invocation.js?id=5566, line 1: Failed to create WebGL context: WebGL creation failed: 
* Can't use WebGL in headless mode (https://bugzil.la/1375585).
JavaScript warning: https://ob.cheqzone.com/clicktrue_invocation.js?id=5566, line 1: WebGL warning: <Create>: Can't use WebGL in headless mode (https://bugzil.la/1375585).
JavaScript warning: https://ob.cheqzone.com/clicktrue_invocation.js?id=5566, line 1: Failed to create WebGL context: WebGL creation failed: 
* Can't use WebGL in headless mode (https://bugzil.la/1375585).
JavaScript warning: https://ob.cheqzone.com/clicktrue_invocation.js?id=5566, line 1: WebGL warning: <Create>: Can't use WebGL in headless mode (https://bugzil.la/1375585).
JavaScript warning: https://ob.cheqzone.com/clicktrue_invocation.js?id=5566, line 1: Failed to create WebGL context: WebGL creation failed: 
* Can't use WebGL in headless mode (https://bugzil.la/1375585).
JavaScript warning: https://ob.cheqzone.com/clicktrue_invocation.js?id=5566, line 1: WebGL warning: <Create>: Can't use WebGL in headless mode (https://bugzil.la/1375585).
JavaScript warning: https://ob.cheqzone.com/clicktrue_invocation.js?id=5566, line 1: Failed to create WebGL context: WebGL creation failed: 
* Can't use WebGL in headless mode (https://bugzil.la/1375585).
JavaScript warning: https://ob.cheqzone.com/clicktrue_invocation.js?id=5566, line 1: WebGL warning: <Create>: Can't use WebGL in headless mode (https://bugzil.la/1375585).
JavaScript warning: https://ob.cheqzone.com/clicktrue_invocation.js?id=5566, line 1: Failed to create WebGL context: WebGL creation failed: 
* Can't use WebGL in headless mode (https://bugzil.la/1375585).
JavaScript warning: https://ob.cheqzone.com/clicktrue_invocation.js?id=5566, line 1: WebGL warning: <Create>: Can't use WebGL in headless mode (https://bugzil.la/1375585).
JavaScript warning: https://ob.cheqzone.com/clicktrue_invocation.js?id=5566, line 1: Failed to create WebGL context: WebGL creation failed: 
* Can't use WebGL in headless mode (https://bugzil.la/1375585).
*** You are running in headless mode.
console.error: SearchCache: "_readCacheFile: Error reading cache file:" (new Error("", "(unknown module)"))
1599822975702	Marionette	INFO	Listening on port 45811
1599822975712	Marionette	WARN	TLS certificate errors will be ignored for this session
JavaScript warning: https://ob.cheqzone.com/clicktrue_invocation.js?id=5566, line 1: WebGL warning: <Create>: Can't use WebGL in headless mode (https://bugzil.la/1375585).
JavaScript warning: https://ob.cheqzone.com/clicktrue_invocation.js?id=5566, line 1: Failed to create WebGL context: WebGL creation failed: 
* Can't use WebGL in headless mode (https://bugzil.la/1375585).
JavaScript warning: https://ob.cheqzone.com/clicktrue_invocation.js?id=5566, line 1: WebGL warning: <Create>: Can't use WebGL in headless mode (https://bugzil.la/1375585).
JavaScript warning: https://ob.cheqzone.com/clicktrue_invocation.js?id=5566, line 1: Failed to create WebGL context: WebGL creation failed: 
* Can't use WebGL in headless mode (https://bugzil.la/1375585).
JavaScript warning: https://ob.cheqzone.com/clicktrue_invocation.js?id=5566, line 1: WebGL warning: <Create>: Can't use WebGL in headless mode (https://bugzil.la/1375585).
JavaScript warning: https://ob.cheqzone.com/clicktrue_invocation.js?id=5566, line 1: Failed to create WebGL context: WebGL creation failed: 
* Can't use WebGL in headless mode (https://bugzil.la/1375585).
JavaScript warning: https://ob.cheqzone.com/clicktrue_invocation.js?id=5566, line 1: WebGL warning: <Create>: Can't use WebGL in headless mode (https://bugzil.la/1375585).
JavaScript warning: https://ob.cheqzone.com/clicktrue_invocation.js?id=5566, line 1: Failed to create WebGL context: WebGL creation failed: 
* Can't use WebGL in headless mode (https://bugzil.la/1375585).
JavaScript warning: https://ob.cheqzone.com/clicktrue_invocation.js?id=5566, line 1: WebGL warning: <Create>: Can't use WebGL in headless mode (https://bugzil.la/1375585).
JavaScript warning: https://ob.cheqzone.com/clicktrue_invocation.js?id=5566, line 1: Failed to create WebGL context: WebGL creation failed: 
* Can't use WebGL in headless mode (https://bugzil.la/1375585).
JavaScript warning: https://ob.cheqzone.com/clicktrue_invocation.js?id=5566, line 1: WebGL warning: <Create>: Can't use WebGL in headless mode (https://bugzil.la/1375585).
JavaScript warning: https://ob.cheqzone.com/clicktrue_invocation.js?id=5566, line 1: Failed to create WebGL context: WebGL creation failed: 
* Can't use WebGL in headless mode (https://bugzil.la/1375585).
JavaScript warning: https://ob.cheqzone.com/clicktrue_invocation.js?id=5566, line 1: WebGL warning: <Create>: Can't use WebGL in headless mode (https://bugzil.la/1375585).
JavaScript warning: https://ob.cheqzone.com/clicktrue_invocation.js?id=5566, line 1: Failed to create WebGL context: WebGL creation failed: 
* Can't use WebGL in headless mode (https://bugzil.la/1375585).
JavaScript warning: https://ob.cheqzone.com/clicktrue_invocation.js?id=5566, line 1: WebGL warning: <Create>: Can't use WebGL in headless mode (https://bugzil.la/1375585).
JavaScript warning: https://ob.cheqzone.com/clicktrue_invocation.js?id=5566, line 1: Failed to create WebGL context: WebGL creation failed: 
* Can't use WebGL in headless mode (https://bugzil.la/1375585).
JavaScript warning: https://ob.cheqzone.com/clicktrue_invocation.js?id=5566, line 1: WebGL warning: <Create>: Can't use WebGL in headless mode (https://bugzil.la/1375585).
JavaScript warning: https://ob.cheqzone.com/clicktrue_invocation.js?id=5566, line 1: Failed to create WebGL context: WebGL creation failed: 
* Can't use WebGL in headless mode (https://bugzil.la/1375585).
JavaScript warning: https://ob.cheqzone.com/clicktrue_invocation.js?id=5566, line 1: WebGL warning: <Create>: Can't use WebGL in headless mode (https://bugzil.la/1375585).
JavaScript warning: https://ob.cheqzone.com/clicktrue_invocation.js?id=5566, line 1: Failed to create WebGL context: WebGL creation failed: 
* Can't use WebGL in headless mode (https://bugzil.la/1375585).
JavaScript warning: https://ob.cheqzone.com/clicktrue_invocation.js?id=5566, line 1: WebGL warning: <Create>: Can't use WebGL in headless mode (https://bugzil.la/1375585).
JavaScript warning: https://ob.cheqzone.com/clicktrue_invocation.js?id=5566, line 1: Failed to create WebGL context: WebGL creation failed: 
* Can't use WebGL in headless mode (https://bugzil.la/1375585).
JavaScript warning: https://ob.cheqzone.com/clicktrue_invocation.js?id=5566, line 1: WebGL warning: <Create>: Can't use WebGL in headless mode (https://bugzil.la/1375585).
JavaScript warning: https://ob.cheqzone.com/clicktrue_invocation.js?id=5566, line 1: Failed to create WebGL context: WebGL creation failed: 
* Can't use WebGL in headless mode (https://bugzil.la/1375585).
JavaScript warning: https://ob.cheqzone.com/clicktrue_invocation.js?id=5566, line 1: WebGL warning: <Create>: Can't use WebGL in headless mode (https://bugzil.la/1375585).
JavaScript warning: https://ob.cheqzone.com/clicktrue_invocation.js?id=5566, line 1: Failed to create WebGL context: WebGL creation failed: 
* Can't use WebGL in headless mode (https://bugzil.la/1375585).
JavaScript warning: https://ob.cheqzone.com/clicktrue_invocation.js?id=5566, line 1: WebGL warning: <Create>: Can't use WebGL in headless mode (https://bugzil.la/1375585).
JavaScript warning: https://ob.cheqzone.com/clicktrue_invocation.js?id=5566, line 1: Failed to create WebGL context: WebGL creation failed: 
* Can't use WebGL in headless mode (https://bugzil.la/1375585).
JavaScript warning: https://ob.cheqzone.com/clicktrue_invocation.js?id=5566, line 1: WebGL warning: <Create>: Can't use WebGL in headless mode (https://bugzil.la/1375585).
JavaScript warning: https://ob.cheqzone.com/clicktrue_invocation.js?id=5566, line 1: Failed to create WebGL context: WebGL creation failed: 
* Can't use WebGL in headless mode (https://bugzil.la/1375585).
JavaScript warning: https://ob.cheqzone.com/clicktrue_invocation.js?id=5566, line 1: WebGL warning: <Create>: Can't use WebGL in headless mode (https://bugzil.la/1375585).
JavaScript warning: https://ob.cheqzone.com/clicktrue_invocation.js?id=5566, line 1: Failed to create WebGL context: WebGL creation failed: 
* Can't use WebGL in headless mode (https://bugzil.la/1375585).
JavaScript warning: https://ob.cheqzone.com/clicktrue_invocation.js?id=5566, line 1: WebGL warning: <Create>: Can't use WebGL in headless mode (https://bugzil.la/1375585).
JavaScript warning: https://ob.cheqzone.com/clicktrue_invocation.js?id=5566, line 1: Failed to create WebGL context: WebGL creation failed: 
* Can't use WebGL in headless mode (https://bugzil.la/1375585).
JavaScript warning: https://ob.cheqzone.com/clicktrue_invocation.js?id=5566, line 1: WebGL warning: <Create>: Can't use WebGL in headless mode (https://bugzil.la/1375585).
JavaScript warning: https://ob.cheqzone.com/clicktrue_invocation.js?id=5566, line 1: Failed to create WebGL context: WebGL creation failed: 
* Can't use WebGL in headless mode (https://bugzil.la/1375585).
JavaScript warning: https://ob.cheqzone.com/clicktrue_invocation.js?id=5566, line 1: WebGL warning: <Create>: Can't use WebGL in headless mode (https://bugzil.la/1375585).
JavaScript warning: https://ob.cheqzone.com/clicktrue_invocation.js?id=5566, line 1: Failed to create WebGL context: WebGL creation failed: 
* Can't use WebGL in headless mode (https://bugzil.la/1375585).
JavaScript warning: https://ob.cheqzone.com/clicktrue_invocation.js?id=5566, line 1: WebGL warning: <Create>: Can't use WebGL in headless mode (https://bugzil.la/1375585).
JavaScript warning: https://ob.cheqzone.com/clicktrue_invocation.js?id=5566, line 1: Failed to create WebGL context: WebGL creation failed: 
* Can't use WebGL in headless mode (https://bugzil.la/1375585).
JavaScript warning: https://ob.cheqzone.com/clicktrue_invocation.js?id=5566, line 1: WebGL warning: <Create>: Can't use WebGL in headless mode (https://bugzil.la/1375585).
JavaScript warning: https://ob.cheqzone.com/clicktrue_invocation.js?id=5566, line 1: Failed to create WebGL context: WebGL creation failed: 
* Can't use WebGL in headless mode (https://bugzil.la/1375585).
JavaScript warning: https://ob.cheqzone.com/clicktrue_invocation.js?id=5566, line 1: WebGL warning: <Create>: Can't use WebGL in headless mode (https://bugzil.la/1375585).
JavaScript warning: https://ob.cheqzone.com/clicktrue_invocation.js?id=5566, line 1: Failed to create WebGL context: WebGL creation failed: 
* Can't use WebGL in headless mode (https://bugzil.la/1375585).
JavaScript warning: https://ob.cheqzone.com/clicktrue_invocation.js?id=5566, line 1: WebGL warning: <Create>: Can't use WebGL in headless mode (https://bugzil.la/1375585).
JavaScript warning: https://ob.cheqzone.com/clicktrue_invocation.js?id=5566, line 1: Failed to create WebGL context: WebGL creation failed: 
* Can't use WebGL in headless mode (https://bugzil.la/1375585).
JavaScript warning: https://ob.cheqzone.com/clicktrue_invocation.js?id=5566, line 1: WebGL warning: <Create>: Can't use WebGL in headless mode (https://bugzil.la/1375585).
JavaScript warning: https://ob.cheqzone.com/clicktrue_invocation.js?id=5566, line 1: Failed to create WebGL context: WebGL creation failed: 
* Can't use WebGL in headless mode (https://bugzil.la/1375585).
JavaScript warning: https://ob.cheqzone.com/clicktrue_invocation.js?id=5566, line 1: WebGL warning: <Create>: Can't use WebGL in headless mode (https://bugzil.la/1375585).
JavaScript warning: https://ob.cheqzone.com/clicktrue_invocation.js?id=5566, line 1: Failed to create WebGL context: WebGL creation failed: 
* Can't use WebGL in headless mode (https://bugzil.la/1375585).
JavaScript warning: https://ob.cheqzone.com/clicktrue_invocation.js?id=5566, line 1: WebGL warning: <Create>: Can't use WebGL in headless mode (https://bugzil.la/1375585).
JavaScript warning: https://ob.cheqzone.com/clicktrue_invocation.js?id=5566, line 1: Failed to create WebGL context: WebGL creation failed: 
* Can't use WebGL in headless mode (https://bugzil.la/1375585).
JavaScript warning: https://ob.cheqzone.com/clicktrue_invocation.js?id=5566, line 1: WebGL warning: <Create>: Can't use WebGL in headless mode (https://bugzil.la/1375585).
JavaScript warning: https://ob.cheqzone.com/clicktrue_invocation.js?id=5566, line 1: Failed to create WebGL context: WebGL creation failed: 
* Can't use WebGL in headless mode (https://bugzil.la/1375585).
JavaScript warning: https://ob.cheqzone.com/clicktrue_invocation.js?id=5566, line 1: WebGL warning: <Create>: Can't use WebGL in headless mode (https://bugzil.la/1375585).
JavaScript warning: https://ob.cheqzone.com/clicktrue_invocation.js?id=5566, line 1: Failed to create WebGL context: WebGL creation failed: 
* Can't use WebGL in headless mode (https://bugzil.la/1375585).
JavaScript warning: https://ob.cheqzone.com/clicktrue_invocation.js?id=5566, line 1: WebGL warning: <Create>: Can't use WebGL in headless mode (https://bugzil.la/1375585).
JavaScript warning: https://ob.cheqzone.com/clicktrue_invocation.js?id=5566, line 1: Failed to create WebGL context: WebGL creation failed: 
* Can't use WebGL in headless mode (https://bugzil.la/1375585).
JavaScript warning: https://ob.cheqzone.com/clicktrue_invocation.js?id=5566, line 1: WebGL warning: <Create>: Can't use WebGL in headless mode (https://bugzil.la/1375585).
JavaScript warning: https://ob.cheqzone.com/clicktrue_invocation.js?id=5566, line 1: Failed to create WebGL context: WebGL creation failed: 
* Can't use WebGL in headless mode (https://bugzil.la/1375585).
JavaScript warning: https://ob.cheqzone.com/clicktrue_invocation.js?id=5566, line 1: WebGL warning: <Create>: Can't use WebGL in headless mode (https://bugzil.la/1375585).
JavaScript warning: https://ob.cheqzone.com/clicktrue_invocation.js?id=5566, line 1: Failed to create WebGL context: WebGL creation failed: 
* Can't use WebGL in headless mode (https://bugzil.la/1375585).
JavaScript warning: https://ob.cheqzone.com/clicktrue_invocation.js?id=5566, line 1: WebGL warning: <Create>: Can't use WebGL in headless mode (https://bugzil.la/1375585).
JavaScript warning: https://ob.cheqzone.com/clicktrue_invocation.js?id=5566, line 1: Failed to create WebGL context: WebGL creation failed: 
* Can't use WebGL in headless mode (https://bugzil.la/1375585).
JavaScript warning: https://ob.cheqzone.com/clicktrue_invocation.js?id=5566, line 1: WebGL warning: <Create>: Can't use WebGL in headless mode (https://bugzil.la/1375585).
JavaScript warning: https://ob.cheqzone.com/clicktrue_invocation.js?id=5566, line 1: Failed to create WebGL context: WebGL creation failed: 
* Can't use WebGL in headless mode (https://bugzil.la/1375585).
JavaScript warning: https://ob.cheqzone.com/clicktrue_invocation.js?id=5566, line 1: WebGL warning: <Create>: Can't use WebGL in headless mode (https://bugzil.la/1375585).
JavaScript warning: https://ob.cheqzone.com/clicktrue_invocation.js?id=5566, line 1: Failed to create WebGL context: WebGL creation failed: 
* Can't use WebGL in headless mode (https://bugzil.la/1375585).
JavaScript warning: https://ob.cheqzone.com/clicktrue_invocation.js?id=5566, line 1: WebGL warning: <Create>: Can't use WebGL in headless mode (https://bugzil.la/1375585).
JavaScript warning: https://ob.cheqzone.com/clicktrue_invocation.js?id=5566, line 1: Failed to create WebGL context: WebGL creation failed: 
* Can't use WebGL in headless mode (https://bugzil.la/1375585).
JavaScript warning: https://ob.cheqzone.com/clicktrue_invocation.js?id=5566, line 1: WebGL warning: <Create>: Can't use WebGL in headless mode (https://bugzil.la/1375585).
JavaScript warning: https://ob.cheqzone.com/clicktrue_invocation.js?id=5566, line 1: Failed to create WebGL context: WebGL creation failed: 
* Can't use WebGL in headless mode (https://bugzil.la/1375585).
JavaScript warning: https://ob.cheqzone.com/clicktrue_invocation.js?id=5566, line 1: WebGL warning: <Create>: Can't use WebGL in headless mode (https://bugzil.la/1375585).
JavaScript warning: https://ob.cheqzone.com/clicktrue_invocation.js?id=5566, line 1: Failed to create WebGL context: WebGL creation failed: 
* Can't use WebGL in headless mode (https://bugzil.la/1375585).
JavaScript warning: https://ob.cheqzone.com/clicktrue_invocation.js?id=5566, line 1: WebGL warning: <Create>: Can't use WebGL in headless mode (https://bugzil.la/1375585).
JavaScript warning: https://ob.cheqzone.com/clicktrue_invocation.js?id=5566, line 1: Failed to create WebGL context: WebGL creation failed: 
* Can't use WebGL in headless mode (https://bugzil.la/1375585).
JavaScript warning: https://ob.cheqzone.com/clicktrue_invocation.js?id=5566, line 1: WebGL warning: <Create>: Can't use WebGL in headless mode (https://bugzil.la/1375585).
JavaScript warning: https://ob.cheqzone.com/clicktrue_invocation.js?id=5566, line 1: Failed to create WebGL context: WebGL creation failed: 
* Can't use WebGL in headless mode (https://bugzil.la/1375585).
JavaScript warning: https://ob.cheqzone.com/clicktrue_invocation.js?id=5566, line 1: WebGL warning: <Create>: Can't use WebGL in headless mode (https://bugzil.la/1375585).
JavaScript warning: https://ob.cheqzone.com/clicktrue_invocation.js?id=5566, line 1: Failed to create WebGL context: WebGL creation failed: 
* Can't use WebGL in headless mode (https://bugzil.la/1375585).
JavaScript warning: https://ob.cheqzone.com/clicktrue_invocation.js?id=5566, line 1: WebGL warning: <Create>: Can't use WebGL in headless mode (https://bugzil.la/1375585).
JavaScript warning: https://ob.cheqzone.com/clicktrue_invocation.js?id=5566, line 1: Failed to create WebGL context: WebGL creation failed: 
* Can't use WebGL in headless mode (https://bugzil.la/1375585).
JavaScript warning: https://ob.cheqzone.com/clicktrue_invocation.js?id=5566, line 1: WebGL warning: <Create>: Can't use WebGL in headless mode (https://bugzil.la/1375585).
JavaScript warning: https://ob.cheqzone.com/clicktrue_invocation.js?id=5566, line 1: Failed to create WebGL context: WebGL creation failed: 
* Can't use WebGL in headless mode (https://bugzil.la/1375585).
JavaScript warning: https://ob.cheqzone.com/clicktrue_invocation.js?id=5566, line 1: WebGL warning: <Create>: Can't use WebGL in headless mode (https://bugzil.la/1375585).
JavaScript warning: https://ob.cheqzone.com/clicktrue_invocation.js?id=5566, line 1: Failed to create WebGL context: WebGL creation failed: 
* Can't use WebGL in headless mode (https://bugzil.la/1375585).
JavaScript warning: https://ob.cheqzone.com/clicktrue_invocation.js?id=5566, line 1: WebGL warning: <Create>: Can't use WebGL in headless mode (https://bugzil.la/1375585).
JavaScript warning: https://ob.cheqzone.com/clicktrue_invocation.js?id=5566, line 1: Failed to create WebGL context: WebGL creation failed: 
* Can't use WebGL in headless mode (https://bugzil.la/1375585).
JavaScript warning: https://ob.cheqzone.com/clicktrue_invocation.js?id=5566, line 1: WebGL warning: <Create>: Can't use WebGL in headless mode (https://bugzil.la/1375585).
JavaScript warning: https://ob.cheqzone.com/clicktrue_invocation.js?id=5566, line 1: Failed to create WebGL context: WebGL creation failed: 
* Can't use WebGL in headless mode (https://bugzil.la/1375585).
JavaScript error: resource://gre/actors/ThumbnailsChild.jsm, line 29: InvalidStateError: An attempt was made to use an object that is not, or is no longer, usable
JavaScript warning: https://ob.cheqzone.com/clicktrue_invocation.js?id=5566, line 1: WebGL warning: <Create>: Can't use WebGL in headless mode (https://bugzil.la/1375585).
JavaScript warning: https://ob.cheqzone.com/clicktrue_invocation.js?id=5566, line 1: Failed to create WebGL context: WebGL creation failed: 
* Can't use WebGL in headless mode (https://bugzil.la/1375585).
JavaScript warning: https://ob.cheqzone.com/clicktrue_invocation.js?id=5566, line 1: WebGL warning: <Create>: Can't use WebGL in headless mode (https://bugzil.la/1375585).
JavaScript warning: https://ob.cheqzone.com/clicktrue_invocation.js?id=5566, line 1: Failed to create WebGL context: WebGL creation failed: 
* Can't use WebGL in headless mode (https://bugzil.la/1375585).
JavaScript warning: https://ob.cheqzone.com/clicktrue_invocation.js?id=5566, line 1: WebGL warning: <Create>: Can't use WebGL in headless mode (https://bugzil.la/1375585).
JavaScript warning: https://ob.cheqzone.com/clicktrue_invocation.js?id=5566, line 1: Failed to create WebGL context: WebGL creation failed: 
* Can't use WebGL in headless mode (https://bugzil.la/1375585).
JavaScript warning: https://ob.cheqzone.com/clicktrue_invocation.js?id=5566, line 1: WebGL warning: <Create>: Can't use WebGL in headless mode (https://bugzil.la/1375585).
JavaScript warning: https://ob.cheqzone.com/clicktrue_invocation.js?id=5566, line 1: Failed to create WebGL context: WebGL creation failed: 
* Can't use WebGL in headless mode (https://bugzil.la/1375585).
JavaScript warning: https://ob.cheqzone.com/clicktrue_invocation.js?id=5566, line 1: WebGL warning: <Create>: Can't use WebGL in headless mode (https://bugzil.la/1375585).
JavaScript warning: https://ob.cheqzone.com/clicktrue_invocation.js?id=5566, line 1: Failed to create WebGL context: WebGL creation failed: 
* Can't use WebGL in headless mode (https://bugzil.la/1375585).
JavaScript warning: https://ob.cheqzone.com/clicktrue_invocation.js?id=5566, line 1: WebGL warning: <Create>: Can't use WebGL in headless mode (https://bugzil.la/1375585).
JavaScript warning: https://ob.cheqzone.com/clicktrue_invocation.js?id=5566, line 1: Failed to create WebGL context: WebGL creation failed: 
* Can't use WebGL in headless mode (https://bugzil.la/1375585).
JavaScript warning: https://ob.cheqzone.com/clicktrue_invocation.js?id=5566, line 1: WebGL warning: <Create>: Can't use WebGL in headless mode (https://bugzil.la/1375585).
JavaScript warning: https://ob.cheqzone.com/clicktrue_invocation.js?id=5566, line 1: Failed to create WebGL context: WebGL creation failed: 
* Can't use WebGL in headless mode (https://bugzil.la/1375585).
JavaScript warning: https://ob.cheqzone.com/clicktrue_invocation.js?id=5566, line 1: WebGL warning: <Create>: Can't use WebGL in headless mode (https://bugzil.la/1375585).
JavaScript warning: https://ob.cheqzone.com/clicktrue_invocation.js?id=5566, line 1: Failed to create WebGL context: WebGL creation failed: 
* Can't use WebGL in headless mode (https://bugzil.la/1375585).
JavaScript warning: https://ob.cheqzone.com/clicktrue_invocation.js?id=5566, line 1: WebGL warning: <Create>: Can't use WebGL in headless mode (https://bugzil.la/1375585).
JavaScript warning: https://ob.cheqzone.com/clicktrue_invocation.js?id=5566, line 1: Failed to create WebGL context: WebGL creation failed: 
* Can't use WebGL in headless mode (https://bugzil.la/1375585).
JavaScript warning: https://ob.cheqzone.com/clicktrue_invocation.js?id=5566, line 1: WebGL warning: <Create>: Can't use WebGL in headless mode (https://bugzil.la/1375585).
JavaScript warning: https://ob.cheqzone.com/clicktrue_invocation.js?id=5566, line 1: Failed to create WebGL context: WebGL creation failed: 
* Can't use WebGL in headless mode (https://bugzil.la/1375585).
JavaScript warning: https://ob.cheqzone.com/clicktrue_invocation.js?id=5566, line 1: WebGL warning: <Create>: Can't use WebGL in headless mode (https://bugzil.la/1375585).
JavaScript warning: https://ob.cheqzone.com/clicktrue_invocation.js?id=5566, line 1: Failed to create WebGL context: WebGL creation failed: 
* Can't use WebGL in headless mode (https://bugzil.la/1375585).
JavaScript warning: https://ob.cheqzone.com/clicktrue_invocation.js?id=5566, line 1: WebGL warning: <Create>: Can't use WebGL in headless mode (https://bugzil.la/1375585).
JavaScript warning: https://ob.cheqzone.com/clicktrue_invocation.js?id=5566, line 1: Failed to create WebGL context: WebGL creation failed: 
* Can't use WebGL in headless mode (https://bugzil.la/1375585).
JavaScript warning: https://ob.cheqzone.com/clicktrue_invocation.js?id=5566, line 1: WebGL warning: <Create>: Can't use WebGL in headless mode (https://bugzil.la/1375585).
JavaScript warning: https://ob.cheqzone.com/clicktrue_invocation.js?id=5566, line 1: Failed to create WebGL context: WebGL creation failed: 
* Can't use WebGL in headless mode (https://bugzil.la/1375585).
JavaScript warning: https://ob.cheqzone.com/clicktrue_invocation.js?id=5566, line 1: WebGL warning: <Create>: Can't use WebGL in headless mode (https://bugzil.la/1375585).
JavaScript warning: https://ob.cheqzone.com/clicktrue_invocation.js?id=5566, line 1: Failed to create WebGL context: WebGL creation failed: 
* Can't use WebGL in headless mode (https://bugzil.la/1375585).
JavaScript warning: https://ob.cheqzone.com/clicktrue_invocation.js?id=5566, line 1: WebGL warning: <Create>: Can't use WebGL in headless mode (https://bugzil.la/1375585).
JavaScript warning: https://ob.cheqzone.com/clicktrue_invocation.js?id=5566, line 1: Failed to create WebGL context: WebGL creation failed: 
* Can't use WebGL in headless mode (https://bugzil.la/1375585).
JavaScript warning: https://ob.cheqzone.com/clicktrue_invocation.js?id=5566, line 1: WebGL warning: <Create>: Can't use WebGL in headless mode (https://bugzil.la/1375585).
JavaScript warning: https://ob.cheqzone.com/clicktrue_invocation.js?id=5566, line 1: Failed to create WebGL context: WebGL creation failed: 
* Can't use WebGL in headless mode (https://bugzil.la/1375585).
JavaScript warning: https://ob.cheqzone.com/clicktrue_invocation.js?id=5566, line 1: WebGL warning: <Create>: Can't use WebGL in headless mode (https://bugzil.la/1375585).
JavaScript warning: https://ob.cheqzone.com/clicktrue_invocation.js?id=5566, line 1: Failed to create WebGL context: WebGL creation failed: 
* Can't use WebGL in headless mode (https://bugzil.la/1375585).
JavaScript warning: https://ob.cheqzone.com/clicktrue_invocation.js?id=5566, line 1: WebGL warning: <Create>: Can't use WebGL in headless mode (https://bugzil.la/1375585).
JavaScript warning: https://ob.cheqzone.com/clicktrue_invocation.js?id=5566, line 1: Failed to create WebGL context: WebGL creation failed: 
* Can't use WebGL in headless mode (https://bugzil.la/1375585).
JavaScript warning: https://ob.cheqzone.com/clicktrue_invocation.js?id=5566, line 1: WebGL warning: <Create>: Can't use WebGL in headless mode (https://bugzil.la/1375585).
JavaScript warning: https://ob.cheqzone.com/clicktrue_invocation.js?id=5566, line 1: Failed to create WebGL context: WebGL creation failed: 
* Can't use WebGL in headless mode (https://bugzil.la/1375585).
JavaScript warning: https://ob.cheqzone.com/clicktrue_invocation.js?id=5566, line 1: WebGL warning: <Create>: Can't use WebGL in headless mode (https://bugzil.la/1375585).
JavaScript warning: https://ob.cheqzone.com/clicktrue_invocation.js?id=5566, line 1: Failed to create WebGL context: WebGL creation failed: 
* Can't use WebGL in headless mode (https://bugzil.la/1375585).
JavaScript warning: https://ob.cheqzone.com/clicktrue_invocation.js?id=5566, line 1: WebGL warning: <Create>: Can't use WebGL in headless mode (https://bugzil.la/1375585).
JavaScript warning: https://ob.cheqzone.com/clicktrue_invocation.js?id=5566, line 1: Failed to create WebGL context: WebGL creation failed: 
* Can't use WebGL in headless mode (https://bugzil.la/1375585).
JavaScript warning: https://ob.cheqzone.com/clicktrue_invocation.js?id=5566, line 1: WebGL warning: <Create>: Can't use WebGL in headless mode (https://bugzil.la/1375585).
JavaScript warning: https://ob.cheqzone.com/clicktrue_invocation.js?id=5566, line 1: Failed to create WebGL context: WebGL creation failed: 
* Can't use WebGL in headless mode (https://bugzil.la/1375585).
JavaScript warning: https://ob.cheqzone.com/clicktrue_invocation.js?id=5566, line 1: WebGL warning: <Create>: Can't use WebGL in headless mode (https://bugzil.la/1375585).
JavaScript warning: https://ob.cheqzone.com/clicktrue_invocation.js?id=5566, line 1: Failed to create WebGL context: WebGL creation failed: 
* Can't use WebGL in headless mode (https://bugzil.la/1375585).
JavaScript warning: https://ob.cheqzone.com/clicktrue_invocation.js?id=5566, line 1: WebGL warning: <Create>: Can't use WebGL in headless mode (https://bugzil.la/1375585).
JavaScript warning: https://ob.cheqzone.com/clicktrue_invocation.js?id=5566, line 1: Failed to create WebGL context: WebGL creation failed: 
* Can't use WebGL in headless mode (https://bugzil.la/1375585).
JavaScript warning: https://ob.cheqzone.com/clicktrue_invocation.js?id=5566, line 1: WebGL warning: <Create>: Can't use WebGL in headless mode (https://bugzil.la/1375585).
JavaScript warning: https://ob.cheqzone.com/clicktrue_invocation.js?id=5566, line 1: Failed to create WebGL context: WebGL creation failed: 
* Can't use WebGL in headless mode (https://bugzil.la/1375585).
JavaScript warning: https://ob.cheqzone.com/clicktrue_invocation.js?id=5566, line 1: WebGL warning: <Create>: Can't use WebGL in headless mode (https://bugzil.la/1375585).
JavaScript warning: https://ob.cheqzone.com/clicktrue_invocation.js?id=5566, line 1: Failed to create WebGL context: WebGL creation failed: 
* Can't use WebGL in headless mode (https://bugzil.la/1375585).
JavaScript warning: https://ob.cheqzone.com/clicktrue_invocation.js?id=5566, line 1: WebGL warning: <Create>: Can't use WebGL in headless mode (https://bugzil.la/1375585).
JavaScript warning: https://ob.cheqzone.com/clicktrue_invocation.js?id=5566, line 1: Failed to create WebGL context: WebGL creation failed: 
* Can't use WebGL in headless mode (https://bugzil.la/1375585).
JavaScript warning: https://ob.cheqzone.com/clicktrue_invocation.js?id=5566, line 1: WebGL warning: <Create>: Can't use WebGL in headless mode (https://bugzil.la/1375585).
JavaScript warning: https://ob.cheqzone.com/clicktrue_invocation.js?id=5566, line 1: Failed to create WebGL context: WebGL creation failed: 
* Can't use WebGL in headless mode (https://bugzil.la/1375585).
JavaScript warning: https://ob.cheqzone.com/clicktrue_invocation.js?id=5566, line 1: WebGL warning: <Create>: Can't use WebGL in headless mode (https://bugzil.la/1375585).
JavaScript warning: https://ob.cheqzone.com/clicktrue_invocation.js?id=5566, line 1: Failed to create WebGL context: WebGL creation failed: 
* Can't use WebGL in headless mode (https://bugzil.la/1375585).
JavaScript warning: https://ob.cheqzone.com/clicktrue_invocation.js?id=5566, line 1: WebGL warning: <Create>: Can't use WebGL in headless mode (https://bugzil.la/1375585).
JavaScript warning: https://ob.cheqzone.com/clicktrue_invocation.js?id=5566, line 1: Failed to create WebGL context: WebGL creation failed: 
* Can't use WebGL in headless mode (https://bugzil.la/1375585).
JavaScript warning: https://ob.cheqzone.com/clicktrue_invocation.js?id=5566, line 1: WebGL warning: <Create>: Can't use WebGL in headless mode (https://bugzil.la/1375585).
JavaScript warning: https://ob.cheqzone.com/clicktrue_invocation.js?id=5566, line 1: Failed to create WebGL context: WebGL creation failed: 
* Can't use WebGL in headless mode (https://bugzil.la/1375585).
JavaScript warning: https://ob.cheqzone.com/clicktrue_invocation.js?id=5566, line 1: WebGL warning: <Create>: Can't use WebGL in headless mode (https://bugzil.la/1375585).
JavaScript warning: https://ob.cheqzone.com/clicktrue_invocation.js?id=5566, line 1: Failed to create WebGL context: WebGL creation failed: 
* Can't use WebGL in headless mode (https://bugzil.la/1375585).
JavaScript warning: https://ob.cheqzone.com/clicktrue_invocation.js?id=5566, line 1: WebGL warning: <Create>: Can't use WebGL in headless mode (https://bugzil.la/1375585).
JavaScript warning: https://ob.cheqzone.com/clicktrue_invocation.js?id=5566, line 1: Failed to create WebGL context: WebGL creation failed: 
* Can't use WebGL in headless mode (https://bugzil.la/1375585).
Exiting due to channel error.
Exiting due to channel error.
Exiting due to channel error.
*** You are running in headless mode.
console.error: SearchCache: "_readCacheFile: Error reading cache file:" (new Error("", "(unknown module)"))
1599823280709	Marionette	INFO	Listening on port 38755
1599823280764	Marionette	WARN	TLS certificate errors will be ignored for this session
*** You are running in headless mode.
console.error: SearchCache: "_readCacheFile: Error reading cache file:" (new Error("", "(unknown module)"))
1599823315592	Marionette	INFO	Listening on port 44291
1599823315598	Marionette	WARN	TLS certificate errors will be ignored for this session
*** You are running in headless mode.
console.error: SearchCache: "_readCacheFile: Error reading cache file:" (new Error("", "(unknown module)"))
1599823327450	Marionette	INFO	Listening on port 43819
1599823327528	Marionette	WARN	TLS certificate errors will be ignored for this session
*** You are running in headless mode.
console.error: SearchCache: "_readCacheFile: Error reading cache file:" (new Error("", "(unknown module)"))
1599824500775	Marionette	INFO	Listening on port 45281
1599824500859	Marionette	WARN	TLS certificate errors will be ignored for this session
JavaScript warning: https://ob.cheqzone.com/clicktrue_invocation.js?id=5566, line 1: WebGL warning: <Create>: Can't use WebGL in headless mode (https://bugzil.la/1375585).
JavaScript warning: https://ob.cheqzone.com/clicktrue_invocation.js?id=5566, line 1: Failed to create WebGL context: WebGL creation failed: 
* Can't use WebGL in headless mode (https://bugzil.la/1375585).
JavaScript warning: https://ob.cheqzone.com/clicktrue_invocation.js?id=5566, line 1: WebGL warning: <Create>: Can't use WebGL in headless mode (https://bugzil.la/1375585).
JavaScript warning: https://ob.cheqzone.com/clicktrue_invocation.js?id=5566, line 1: Failed to create WebGL context: WebGL creation failed: 
* Can't use WebGL in headless mode (https://bugzil.la/1375585).
JavaScript warning: https://ob.cheqzone.com/clicktrue_invocation.js?id=5566, line 1: WebGL warning: <Create>: Can't use WebGL in headless mode (https://bugzil.la/1375585).
JavaScript warning: https://ob.cheqzone.com/clicktrue_invocation.js?id=5566, line 1: Failed to create WebGL context: WebGL creation failed: 
* Can't use WebGL in headless mode (https://bugzil.la/1375585).
JavaScript warning: https://ob.cheqzone.com/clicktrue_invocation.js?id=5566, line 1: WebGL warning: <Create>: Can't use WebGL in headless mode (https://bugzil.la/1375585).
JavaScript warning: https://ob.cheqzone.com/clicktrue_invocation.js?id=5566, line 1: Failed to create WebGL context: WebGL creation failed: 
* Can't use WebGL in headless mode (https://bugzil.la/1375585).
JavaScript warning: https://ob.cheqzone.com/clicktrue_invocation.js?id=5566, line 1: WebGL warning: <Create>: Can't use WebGL in headless mode (https://bugzil.la/1375585).
JavaScript warning: https://ob.cheqzone.com/clicktrue_invocation.js?id=5566, line 1: Failed to create WebGL context: WebGL creation failed: 
* Can't use WebGL in headless mode (https://bugzil.la/1375585).
JavaScript warning: https://ob.cheqzone.com/clicktrue_invocation.js?id=5566, line 1: WebGL warning: <Create>: Can't use WebGL in headless mode (https://bugzil.la/1375585).
JavaScript warning: https://ob.cheqzone.com/clicktrue_invocation.js?id=5566, line 1: Failed to create WebGL context: WebGL creation failed: 
* Can't use WebGL in headless mode (https://bugzil.la/1375585).
JavaScript error: resource://devtools/client/jsonview/Sniffer.jsm, line 56: NS_ERROR_NOT_AVAILABLE: Component returned failure code: 0x80040111 (NS_ERROR_NOT_AVAILABLE) [nsIChannel.contentType]
JavaScript warning: https://ob.cheqzone.com/clicktrue_invocation.js?id=5566, line 1: WebGL warning: <Create>: Can't use WebGL in headless mode (https://bugzil.la/1375585).
JavaScript warning: https://ob.cheqzone.com/clicktrue_invocation.js?id=5566, line 1: Failed to create WebGL context: WebGL creation failed: 
* Can't use WebGL in headless mode (https://bugzil.la/1375585).
JavaScript warning: https://ob.cheqzone.com/clicktrue_invocation.js?id=5566, line 1: WebGL warning: <Create>: Can't use WebGL in headless mode (https://bugzil.la/1375585).
JavaScript warning: https://ob.cheqzone.com/clicktrue_invocation.js?id=5566, line 1: Failed to create WebGL context: WebGL creation failed: 
* Can't use WebGL in headless mode (https://bugzil.la/1375585).
JavaScript warning: https://ob.cheqzone.com/clicktrue_invocation.js?id=5566, line 1: WebGL warning: <Create>: Can't use WebGL in headless mode (https://bugzil.la/1375585).
JavaScript warning: https://ob.cheqzone.com/clicktrue_invocation.js?id=5566, line 1: Failed to create WebGL context: WebGL creation failed: 
* Can't use WebGL in headless mode (https://bugzil.la/1375585).
JavaScript warning: https://ob.cheqzone.com/clicktrue_invocation.js?id=5566, line 1: WebGL warning: <Create>: Can't use WebGL in headless mode (https://bugzil.la/1375585).
JavaScript warning: https://ob.cheqzone.com/clicktrue_invocation.js?id=5566, line 1: Failed to create WebGL context: WebGL creation failed: 
* Can't use WebGL in headless mode (https://bugzil.la/1375585).
JavaScript warning: https://ob.cheqzone.com/clicktrue_invocation.js?id=5566, line 1: WebGL warning: <Create>: Can't use WebGL in headless mode (https://bugzil.la/1375585).
JavaScript warning: https://ob.cheqzone.com/clicktrue_invocation.js?id=5566, line 1: Failed to create WebGL context: WebGL creation failed: 
* Can't use WebGL in headless mode (https://bugzil.la/1375585).
JavaScript warning: https://ob.cheqzone.com/clicktrue_invocation.js?id=5566, line 1: WebGL warning: <Create>: Can't use WebGL in headless mode (https://bugzil.la/1375585).
JavaScript warning: https://ob.cheqzone.com/clicktrue_invocation.js?id=5566, line 1: Failed to create WebGL context: WebGL creation failed: 
* Can't use WebGL in headless mode (https://bugzil.la/1375585).
JavaScript warning: https://ob.cheqzone.com/clicktrue_invocation.js?id=5566, line 1: WebGL warning: <Create>: Can't use WebGL in headless mode (https://bugzil.la/1375585).
JavaScript warning: https://ob.cheqzone.com/clicktrue_invocation.js?id=5566, line 1: Failed to create WebGL context: WebGL creation failed: 
* Can't use WebGL in headless mode (https://bugzil.la/1375585).
JavaScript warning: https://ob.cheqzone.com/clicktrue_invocation.js?id=5566, line 1: WebGL warning: <Create>: Can't use WebGL in headless mode (https://bugzil.la/1375585).
JavaScript warning: https://ob.cheqzone.com/clicktrue_invocation.js?id=5566, line 1: Failed to create WebGL context: WebGL creation failed: 
* Can't use WebGL in headless mode (https://bugzil.la/1375585).
JavaScript warning: https://ob.cheqzone.com/clicktrue_invocation.js?id=5566, line 1: WebGL warning: <Create>: Can't use WebGL in headless mode (https://bugzil.la/1375585).
JavaScript warning: https://ob.cheqzone.com/clicktrue_invocation.js?id=5566, line 1: Failed to create WebGL context: WebGL creation failed: 
* Can't use WebGL in headless mode (https://bugzil.la/1375585).
JavaScript warning: https://ob.cheqzone.com/clicktrue_invocation.js?id=5566, line 1: WebGL warning: <Create>: Can't use WebGL in headless mode (https://bugzil.la/1375585).
JavaScript warning: https://ob.cheqzone.com/clicktrue_invocation.js?id=5566, line 1: Failed to create WebGL context: WebGL creation failed: 
* Can't use WebGL in headless mode (https://bugzil.la/1375585).
JavaScript warning: https://ob.cheqzone.com/clicktrue_invocation.js?id=5566, line 1: WebGL warning: <Create>: Can't use WebGL in headless mode (https://bugzil.la/1375585).
JavaScript warning: https://ob.cheqzone.com/clicktrue_invocation.js?id=5566, line 1: Failed to create WebGL context: WebGL creation failed: 
* Can't use WebGL in headless mode (https://bugzil.la/1375585).
JavaScript warning: https://ob.cheqzone.com/clicktrue_invocation.js?id=5566, line 1: WebGL warning: <Create>: Can't use WebGL in headless mode (https://bugzil.la/1375585).
JavaScript warning: https://ob.cheqzone.com/clicktrue_invocation.js?id=5566, line 1: Failed to create WebGL context: WebGL creation failed: 
* Can't use WebGL in headless mode (https://bugzil.la/1375585).
JavaScript warning: https://ob.cheqzone.com/clicktrue_invocation.js?id=5566, line 1: WebGL warning: <Create>: Can't use WebGL in headless mode (https://bugzil.la/1375585).
JavaScript warning: https://ob.cheqzone.com/clicktrue_invocation.js?id=5566, line 1: Failed to create WebGL context: WebGL creation failed: 
* Can't use WebGL in headless mode (https://bugzil.la/1375585).
JavaScript warning: https://ob.cheqzone.com/clicktrue_invocation.js?id=5566, line 1: WebGL warning: <Create>: Can't use WebGL in headless mode (https://bugzil.la/1375585).
JavaScript warning: https://ob.cheqzone.com/clicktrue_invocation.js?id=5566, line 1: Failed to create WebGL context: WebGL creation failed: 
* Can't use WebGL in headless mode (https://bugzil.la/1375585).
JavaScript warning: https://ob.cheqzone.com/clicktrue_invocation.js?id=5566, line 1: WebGL warning: <Create>: Can't use WebGL in headless mode (https://bugzil.la/1375585).
JavaScript warning: https://ob.cheqzone.com/clicktrue_invocation.js?id=5566, line 1: Failed to create WebGL context: WebGL creation failed: 
* Can't use WebGL in headless mode (https://bugzil.la/1375585).
JavaScript warning: https://ob.cheqzone.com/clicktrue_invocation.js?id=5566, line 1: WebGL warning: <Create>: Can't use WebGL in headless mode (https://bugzil.la/1375585).
JavaScript warning: https://ob.cheqzone.com/clicktrue_invocation.js?id=5566, line 1: Failed to create WebGL context: WebGL creation failed: 
* Can't use WebGL in headless mode (https://bugzil.la/1375585).
JavaScript warning: https://ob.cheqzone.com/clicktrue_invocation.js?id=5566, line 1: WebGL warning: <Create>: Can't use WebGL in headless mode (https://bugzil.la/1375585).
JavaScript warning: https://ob.cheqzone.com/clicktrue_invocation.js?id=5566, line 1: Failed to create WebGL context: WebGL creation failed: 
* Can't use WebGL in headless mode (https://bugzil.la/1375585).
JavaScript warning: https://ob.cheqzone.com/clicktrue_invocation.js?id=5566, line 1: WebGL warning: <Create>: Can't use WebGL in headless mode (https://bugzil.la/1375585).
JavaScript warning: https://ob.cheqzone.com/clicktrue_invocation.js?id=5566, line 1: Failed to create WebGL context: WebGL creation failed: 
* Can't use WebGL in headless mode (https://bugzil.la/1375585).
JavaScript warning: https://ob.cheqzone.com/clicktrue_invocation.js?id=5566, line 1: WebGL warning: <Create>: Can't use WebGL in headless mode (https://bugzil.la/1375585).
JavaScript warning: https://ob.cheqzone.com/clicktrue_invocation.js?id=5566, line 1: Failed to create WebGL context: WebGL creation failed: 
* Can't use WebGL in headless mode (https://bugzil.la/1375585).
JavaScript warning: https://ob.cheqzone.com/clicktrue_invocation.js?id=5566, line 1: WebGL warning: <Create>: Can't use WebGL in headless mode (https://bugzil.la/1375585).
JavaScript warning: https://ob.cheqzone.com/clicktrue_invocation.js?id=5566, line 1: Failed to create WebGL context: WebGL creation failed: 
* Can't use WebGL in headless mode (https://bugzil.la/1375585).
JavaScript warning: https://ob.cheqzone.com/clicktrue_invocation.js?id=5566, line 1: WebGL warning: <Create>: Can't use WebGL in headless mode (https://bugzil.la/1375585).
JavaScript warning: https://ob.cheqzone.com/clicktrue_invocation.js?id=5566, line 1: Failed to create WebGL context: WebGL creation failed: 
* Can't use WebGL in headless mode (https://bugzil.la/1375585).
JavaScript warning: https://ob.cheqzone.com/clicktrue_invocation.js?id=5566, line 1: WebGL warning: <Create>: Can't use WebGL in headless mode (https://bugzil.la/1375585).
JavaScript warning: https://ob.cheqzone.com/clicktrue_invocation.js?id=5566, line 1: Failed to create WebGL context: WebGL creation failed: 
* Can't use WebGL in headless mode (https://bugzil.la/1375585).
JavaScript warning: https://ob.cheqzone.com/clicktrue_invocation.js?id=5566, line 1: WebGL warning: <Create>: Can't use WebGL in headless mode (https://bugzil.la/1375585).
JavaScript warning: https://ob.cheqzone.com/clicktrue_invocation.js?id=5566, line 1: Failed to create WebGL context: WebGL creation failed: 
* Can't use WebGL in headless mode (https://bugzil.la/1375585).
JavaScript warning: https://ob.cheqzone.com/clicktrue_invocation.js?id=5566, line 1: WebGL warning: <Create>: Can't use WebGL in headless mode (https://bugzil.la/1375585).
JavaScript warning: https://ob.cheqzone.com/clicktrue_invocation.js?id=5566, line 1: Failed to create WebGL context: WebGL creation failed: 
* Can't use WebGL in headless mode (https://bugzil.la/1375585).
JavaScript warning: https://ob.cheqzone.com/clicktrue_invocation.js?id=5566, line 1: WebGL warning: <Create>: Can't use WebGL in headless mode (https://bugzil.la/1375585).
JavaScript warning: https://ob.cheqzone.com/clicktrue_invocation.js?id=5566, line 1: Failed to create WebGL context: WebGL creation failed: 
* Can't use WebGL in headless mode (https://bugzil.la/1375585).
JavaScript warning: https://ob.cheqzone.com/clicktrue_invocation.js?id=5566, line 1: WebGL warning: <Create>: Can't use WebGL in headless mode (https://bugzil.la/1375585).
JavaScript warning: https://ob.cheqzone.com/clicktrue_invocation.js?id=5566, line 1: Failed to create WebGL context: WebGL creation failed: 
* Can't use WebGL in headless mode (https://bugzil.la/1375585).
JavaScript warning: https://ob.cheqzone.com/clicktrue_invocation.js?id=5566, line 1: WebGL warning: <Create>: Can't use WebGL in headless mode (https://bugzil.la/1375585).
JavaScript warning: https://ob.cheqzone.com/clicktrue_invocation.js?id=5566, line 1: Failed to create WebGL context: WebGL creation failed: 
* Can't use WebGL in headless mode (https://bugzil.la/1375585).
JavaScript warning: https://ob.cheqzone.com/clicktrue_invocation.js?id=5566, line 1: WebGL warning: <Create>: Can't use WebGL in headless mode (https://bugzil.la/1375585).
JavaScript warning: https://ob.cheqzone.com/clicktrue_invocation.js?id=5566, line 1: Failed to create WebGL context: WebGL creation failed: 
* Can't use WebGL in headless mode (https://bugzil.la/1375585).
JavaScript warning: https://ob.cheqzone.com/clicktrue_invocation.js?id=5566, line 1: WebGL warning: <Create>: Can't use WebGL in headless mode (https://bugzil.la/1375585).
JavaScript warning: https://ob.cheqzone.com/clicktrue_invocation.js?id=5566, line 1: Failed to create WebGL context: WebGL creation failed: 
* Can't use WebGL in headless mode (https://bugzil.la/1375585).
JavaScript warning: https://ob.cheqzone.com/clicktrue_invocation.js?id=5566, line 1: WebGL warning: <Create>: Can't use WebGL in headless mode (https://bugzil.la/1375585).
JavaScript warning: https://ob.cheqzone.com/clicktrue_invocation.js?id=5566, line 1: Failed to create WebGL context: WebGL creation failed: 
* Can't use WebGL in headless mode (https://bugzil.la/1375585).
JavaScript error: https://www.googletagmanager.com/gtm.js?id=GTM-5JB423, line 6858: uncaught exception: [object Object]
JavaScript error: https://www.googletagmanager.com/gtm.js?id=GTM-5JB423, line 6858: uncaught exception: [object Object]
JavaScript warning: https://ob.cheqzone.com/clicktrue_invocation.js?id=5566, line 1: WebGL warning: <Create>: Can't use WebGL in headless mode (https://bugzil.la/1375585).
JavaScript warning: https://ob.cheqzone.com/clicktrue_invocation.js?id=5566, line 1: Failed to create WebGL context: WebGL creation failed: 
* Can't use WebGL in headless mode (https://bugzil.la/1375585).
JavaScript warning: https://ob.cheqzone.com/clicktrue_invocation.js?id=5566, line 1: WebGL warning: <Create>: Can't use WebGL in headless mode (https://bugzil.la/1375585).
JavaScript warning: https://ob.cheqzone.com/clicktrue_invocation.js?id=5566, line 1: Failed to create WebGL context: WebGL creation failed: 
* Can't use WebGL in headless mode (https://bugzil.la/1375585).
JavaScript warning: https://ob.cheqzone.com/clicktrue_invocation.js?id=5566, line 1: WebGL warning: <Create>: Can't use WebGL in headless mode (https://bugzil.la/1375585).
JavaScript warning: https://ob.cheqzone.com/clicktrue_invocation.js?id=5566, line 1: Failed to create WebGL context: WebGL creation failed: 
* Can't use WebGL in headless mode (https://bugzil.la/1375585).
JavaScript warning: https://ob.cheqzone.com/clicktrue_invocation.js?id=5566, line 1: WebGL warning: <Create>: Can't use WebGL in headless mode (https://bugzil.la/1375585).
JavaScript warning: https://ob.cheqzone.com/clicktrue_invocation.js?id=5566, line 1: Failed to create WebGL context: WebGL creation failed: 
* Can't use WebGL in headless mode (https://bugzil.la/1375585).
JavaScript warning: https://ob.cheqzone.com/clicktrue_invocation.js?id=5566, line 1: WebGL warning: <Create>: Can't use WebGL in headless mode (https://bugzil.la/1375585).
JavaScript warning: https://ob.cheqzone.com/clicktrue_invocation.js?id=5566, line 1: Failed to create WebGL context: WebGL creation failed: 
* Can't use WebGL in headless mode (https://bugzil.la/1375585).
JavaScript warning: https://ob.cheqzone.com/clicktrue_invocation.js?id=5566, line 1: WebGL warning: <Create>: Can't use WebGL in headless mode (https://bugzil.la/1375585).
JavaScript warning: https://ob.cheqzone.com/clicktrue_invocation.js?id=5566, line 1: Failed to create WebGL context: WebGL creation failed: 
* Can't use WebGL in headless mode (https://bugzil.la/1375585).
JavaScript warning: https://ob.cheqzone.com/clicktrue_invocation.js?id=5566, line 1: WebGL warning: <Create>: Can't use WebGL in headless mode (https://bugzil.la/1375585).
JavaScript warning: https://ob.cheqzone.com/clicktrue_invocation.js?id=5566, line 1: Failed to create WebGL context: WebGL creation failed: 
* Can't use WebGL in headless mode (https://bugzil.la/1375585).
JavaScript warning: https://ob.cheqzone.com/clicktrue_invocation.js?id=5566, line 1: WebGL warning: <Create>: Can't use WebGL in headless mode (https://bugzil.la/1375585).
JavaScript warning: https://ob.cheqzone.com/clicktrue_invocation.js?id=5566, line 1: Failed to create WebGL context: WebGL creation failed: 
* Can't use WebGL in headless mode (https://bugzil.la/1375585).
JavaScript warning: https://ob.cheqzone.com/clicktrue_invocation.js?id=5566, line 1: WebGL warning: <Create>: Can't use WebGL in headless mode (https://bugzil.la/1375585).
JavaScript warning: https://ob.cheqzone.com/clicktrue_invocation.js?id=5566, line 1: Failed to create WebGL context: WebGL creation failed: 
* Can't use WebGL in headless mode (https://bugzil.la/1375585).
JavaScript warning: https://ob.cheqzone.com/clicktrue_invocation.js?id=5566, line 1: WebGL warning: <Create>: Can't use WebGL in headless mode (https://bugzil.la/1375585).
JavaScript warning: https://ob.cheqzone.com/clicktrue_invocation.js?id=5566, line 1: Failed to create WebGL context: WebGL creation failed: 
* Can't use WebGL in headless mode (https://bugzil.la/1375585).
JavaScript warning: https://ob.cheqzone.com/clicktrue_invocation.js?id=5566, line 1: WebGL warning: <Create>: Can't use WebGL in headless mode (https://bugzil.la/1375585).
JavaScript warning: https://ob.cheqzone.com/clicktrue_invocation.js?id=5566, line 1: Failed to create WebGL context: WebGL creation failed: 
* Can't use WebGL in headless mode (https://bugzil.la/1375585).
JavaScript warning: https://ob.cheqzone.com/clicktrue_invocation.js?id=5566, line 1: WebGL warning: <Create>: Can't use WebGL in headless mode (https://bugzil.la/1375585).
JavaScript warning: https://ob.cheqzone.com/clicktrue_invocation.js?id=5566, line 1: Failed to create WebGL context: WebGL creation failed: 
* Can't use WebGL in headless mode (https://bugzil.la/1375585).
JavaScript warning: https://ob.cheqzone.com/clicktrue_invocation.js?id=5566, line 1: WebGL warning: <Create>: Can't use WebGL in headless mode (https://bugzil.la/1375585).
JavaScript warning: https://ob.cheqzone.com/clicktrue_invocation.js?id=5566, line 1: Failed to create WebGL context: WebGL creation failed: 
* Can't use WebGL in headless mode (https://bugzil.la/1375585).
JavaScript warning: https://ob.cheqzone.com/clicktrue_invocation.js?id=5566, line 1: WebGL warning: <Create>: Can't use WebGL in headless mode (https://bugzil.la/1375585).
JavaScript warning: https://ob.cheqzone.com/clicktrue_invocation.js?id=5566, line 1: Failed to create WebGL context: WebGL creation failed: 
* Can't use WebGL in headless mode (https://bugzil.la/1375585).
JavaScript warning: https://ob.cheqzone.com/clicktrue_invocation.js?id=5566, line 1: WebGL warning: <Create>: Can't use WebGL in headless mode (https://bugzil.la/1375585).
JavaScript warning: https://ob.cheqzone.com/clicktrue_invocation.js?id=5566, line 1: Failed to create WebGL context: WebGL creation failed: 
* Can't use WebGL in headless mode (https://bugzil.la/1375585).
JavaScript warning: https://ob.cheqzone.com/clicktrue_invocation.js?id=5566, line 1: WebGL warning: <Create>: Can't use WebGL in headless mode (https://bugzil.la/1375585).
JavaScript warning: https://ob.cheqzone.com/clicktrue_invocation.js?id=5566, line 1: Failed to create WebGL context: WebGL creation failed: 
* Can't use WebGL in headless mode (https://bugzil.la/1375585).
JavaScript warning: https://ob.cheqzone.com/clicktrue_invocation.js?id=5566, line 1: WebGL warning: <Create>: Can't use WebGL in headless mode (https://bugzil.la/1375585).
JavaScript warning: https://ob.cheqzone.com/clicktrue_invocation.js?id=5566, line 1: Failed to create WebGL context: WebGL creation failed: 
* Can't use WebGL in headless mode (https://bugzil.la/1375585).
JavaScript warning: https://ob.cheqzone.com/clicktrue_invocation.js?id=5566, line 1: WebGL warning: <Create>: Can't use WebGL in headless mode (https://bugzil.la/1375585).
JavaScript warning: https://ob.cheqzone.com/clicktrue_invocation.js?id=5566, line 1: Failed to create WebGL context: WebGL creation failed: 
* Can't use WebGL in headless mode (https://bugzil.la/1375585).
JavaScript warning: https://ob.cheqzone.com/clicktrue_invocation.js?id=5566, line 1: WebGL warning: <Create>: Can't use WebGL in headless mode (https://bugzil.la/1375585).
JavaScript warning: https://ob.cheqzone.com/clicktrue_invocation.js?id=5566, line 1: Failed to create WebGL context: WebGL creation failed: 
* Can't use WebGL in headless mode (https://bugzil.la/1375585).
JavaScript warning: https://ob.cheqzone.com/clicktrue_invocation.js?id=5566, line 1: WebGL warning: <Create>: Can't use WebGL in headless mode (https://bugzil.la/1375585).
JavaScript warning: https://ob.cheqzone.com/clicktrue_invocation.js?id=5566, line 1: Failed to create WebGL context: WebGL creation failed: 
* Can't use WebGL in headless mode (https://bugzil.la/1375585).
JavaScript warning: https://ob.cheqzone.com/clicktrue_invocation.js?id=5566, line 1: WebGL warning: <Create>: Can't use WebGL in headless mode (https://bugzil.la/1375585).
JavaScript warning: https://ob.cheqzone.com/clicktrue_invocation.js?id=5566, line 1: Failed to create WebGL context: WebGL creation failed: 
* Can't use WebGL in headless mode (https://bugzil.la/1375585).
JavaScript warning: https://ob.cheqzone.com/clicktrue_invocation.js?id=5566, line 1: WebGL warning: <Create>: Can't use WebGL in headless mode (https://bugzil.la/1375585).
JavaScript warning: https://ob.cheqzone.com/clicktrue_invocation.js?id=5566, line 1: Failed to create WebGL context: WebGL creation failed: 
* Can't use WebGL in headless mode (https://bugzil.la/1375585).
JavaScript warning: https://ob.cheqzone.com/clicktrue_invocation.js?id=5566, line 1: WebGL warning: <Create>: Can't use WebGL in headless mode (https://bugzil.la/1375585).
JavaScript warning: https://ob.cheqzone.com/clicktrue_invocation.js?id=5566, line 1: Failed to create WebGL context: WebGL creation failed: 
* Can't use WebGL in headless mode (https://bugzil.la/1375585).
JavaScript warning: https://ob.cheqzone.com/clicktrue_invocation.js?id=5566, line 1: WebGL warning: <Create>: Can't use WebGL in headless mode (https://bugzil.la/1375585).
JavaScript warning: https://ob.cheqzone.com/clicktrue_invocation.js?id=5566, line 1: Failed to create WebGL context: WebGL creation failed: 
* Can't use WebGL in headless mode (https://bugzil.la/1375585).
JavaScript warning: https://ob.cheqzone.com/clicktrue_invocation.js?id=5566, line 1: WebGL warning: <Create>: Can't use WebGL in headless mode (https://bugzil.la/1375585).
JavaScript warning: https://ob.cheqzone.com/clicktrue_invocation.js?id=5566, line 1: Failed to create WebGL context: WebGL creation failed: 
* Can't use WebGL in headless mode (https://bugzil.la/1375585).
JavaScript warning: https://ob.cheqzone.com/clicktrue_invocation.js?id=5566, line 1: WebGL warning: <Create>: Can't use WebGL in headless mode (https://bugzil.la/1375585).
JavaScript warning: https://ob.cheqzone.com/clicktrue_invocation.js?id=5566, line 1: Failed to create WebGL context: WebGL creation failed: 
* Can't use WebGL in headless mode (https://bugzil.la/1375585).
JavaScript warning: https://ob.cheqzone.com/clicktrue_invocation.js?id=5566, line 1: WebGL warning: <Create>: Can't use WebGL in headless mode (https://bugzil.la/1375585).
JavaScript warning: https://ob.cheqzone.com/clicktrue_invocation.js?id=5566, line 1: Failed to create WebGL context: WebGL creation failed: 
* Can't use WebGL in headless mode (https://bugzil.la/1375585).
JavaScript warning: https://ob.cheqzone.com/clicktrue_invocation.js?id=5566, line 1: WebGL warning: <Create>: Can't use WebGL in headless mode (https://bugzil.la/1375585).
JavaScript warning: https://ob.cheqzone.com/clicktrue_invocation.js?id=5566, line 1: Failed to create WebGL context: WebGL creation failed: 
* Can't use WebGL in headless mode (https://bugzil.la/1375585).
JavaScript warning: https://ob.cheqzone.com/clicktrue_invocation.js?id=5566, line 1: WebGL warning: <Create>: Can't use WebGL in headless mode (https://bugzil.la/1375585).
JavaScript warning: https://ob.cheqzone.com/clicktrue_invocation.js?id=5566, line 1: Failed to create WebGL context: WebGL creation failed: 
* Can't use WebGL in headless mode (https://bugzil.la/1375585).
JavaScript warning: https://ob.cheqzone.com/clicktrue_invocation.js?id=5566, line 1: WebGL warning: <Create>: Can't use WebGL in headless mode (https://bugzil.la/1375585).
JavaScript warning: https://ob.cheqzone.com/clicktrue_invocation.js?id=5566, line 1: Failed to create WebGL context: WebGL creation failed: 
* Can't use WebGL in headless mode (https://bugzil.la/1375585).
JavaScript error: https://www.googletagmanager.com/gtm.js?id=GTM-5JB423, line 6858: uncaught exception: [object Object]
JavaScript error: https://www.googletagmanager.com/gtm.js?id=GTM-5JB423, line 6858: uncaught exception: [object Object]
JavaScript warning: https://ob.cheqzone.com/clicktrue_invocation.js?id=5566, line 1: WebGL warning: <Create>: Can't use WebGL in headless mode (https://bugzil.la/1375585).
JavaScript warning: https://ob.cheqzone.com/clicktrue_invocation.js?id=5566, line 1: Failed to create WebGL context: WebGL creation failed: 
* Can't use WebGL in headless mode (https://bugzil.la/1375585).
JavaScript warning: https://ob.cheqzone.com/clicktrue_invocation.js?id=5566, line 1: WebGL warning: <Create>: Can't use WebGL in headless mode (https://bugzil.la/1375585).
JavaScript warning: https://ob.cheqzone.com/clicktrue_invocation.js?id=5566, line 1: Failed to create WebGL context: WebGL creation failed: 
* Can't use WebGL in headless mode (https://bugzil.la/1375585).
JavaScript warning: https://ob.cheqzone.com/clicktrue_invocation.js?id=5566, line 1: WebGL warning: <Create>: Can't use WebGL in headless mode (https://bugzil.la/1375585).
JavaScript warning: https://ob.cheqzone.com/clicktrue_invocation.js?id=5566, line 1: Failed to create WebGL context: WebGL creation failed: 
* Can't use WebGL in headless mode (https://bugzil.la/1375585).
JavaScript warning: https://ob.cheqzone.com/clicktrue_invocation.js?id=5566, line 1: WebGL warning: <Create>: Can't use WebGL in headless mode (https://bugzil.la/1375585).
JavaScript warning: https://ob.cheqzone.com/clicktrue_invocation.js?id=5566, line 1: Failed to create WebGL context: WebGL creation failed: 
* Can't use WebGL in headless mode (https://bugzil.la/1375585).
JavaScript warning: https://ob.cheqzone.com/clicktrue_invocation.js?id=5566, line 1: WebGL warning: <Create>: Can't use WebGL in headless mode (https://bugzil.la/1375585).
JavaScript warning: https://ob.cheqzone.com/clicktrue_invocation.js?id=5566, line 1: Failed to create WebGL context: WebGL creation failed: 
* Can't use WebGL in headless mode (https://bugzil.la/1375585).
JavaScript warning: https://ob.cheqzone.com/clicktrue_invocation.js?id=5566, line 1: WebGL warning: <Create>: Can't use WebGL in headless mode (https://bugzil.la/1375585).
JavaScript warning: https://ob.cheqzone.com/clicktrue_invocation.js?id=5566, line 1: Failed to create WebGL context: WebGL creation failed: 
* Can't use WebGL in headless mode (https://bugzil.la/1375585).
JavaScript warning: https://ob.cheqzone.com/clicktrue_invocation.js?id=5566, line 1: WebGL warning: <Create>: Can't use WebGL in headless mode (https://bugzil.la/1375585).
JavaScript warning: https://ob.cheqzone.com/clicktrue_invocation.js?id=5566, line 1: Failed to create WebGL context: WebGL creation failed: 
* Can't use WebGL in headless mode (https://bugzil.la/1375585).
JavaScript warning: https://ob.cheqzone.com/clicktrue_invocation.js?id=5566, line 1: WebGL warning: <Create>: Can't use WebGL in headless mode (https://bugzil.la/1375585).
JavaScript warning: https://ob.cheqzone.com/clicktrue_invocation.js?id=5566, line 1: Failed to create WebGL context: WebGL creation failed: 
* Can't use WebGL in headless mode (https://bugzil.la/1375585).
JavaScript warning: https://ob.cheqzone.com/clicktrue_invocation.js?id=5566, line 1: WebGL warning: <Create>: Can't use WebGL in headless mode (https://bugzil.la/1375585).
JavaScript warning: https://ob.cheqzone.com/clicktrue_invocation.js?id=5566, line 1: Failed to create WebGL context: WebGL creation failed: 
* Can't use WebGL in headless mode (https://bugzil.la/1375585).
JavaScript warning: https://ob.cheqzone.com/clicktrue_invocation.js?id=5566, line 1: WebGL warning: <Create>: Can't use WebGL in headless mode (https://bugzil.la/1375585).
JavaScript warning: https://ob.cheqzone.com/clicktrue_invocation.js?id=5566, line 1: Failed to create WebGL context: WebGL creation failed: 
* Can't use WebGL in headless mode (https://bugzil.la/1375585).
JavaScript warning: https://ob.cheqzone.com/clicktrue_invocation.js?id=5566, line 1: WebGL warning: <Create>: Can't use WebGL in headless mode (https://bugzil.la/1375585).
JavaScript warning: https://ob.cheqzone.com/clicktrue_invocation.js?id=5566, line 1: Failed to create WebGL context: WebGL creation failed: 
* Can't use WebGL in headless mode (https://bugzil.la/1375585).
JavaScript warning: https://ob.cheqzone.com/clicktrue_invocation.js?id=5566, line 1: WebGL warning: <Create>: Can't use WebGL in headless mode (https://bugzil.la/1375585).
JavaScript warning: https://ob.cheqzone.com/clicktrue_invocation.js?id=5566, line 1: Failed to create WebGL context: WebGL creation failed: 
* Can't use WebGL in headless mode (https://bugzil.la/1375585).
JavaScript warning: https://ob.cheqzone.com/clicktrue_invocation.js?id=5566, line 1: WebGL warning: <Create>: Can't use WebGL in headless mode (https://bugzil.la/1375585).
JavaScript warning: https://ob.cheqzone.com/clicktrue_invocation.js?id=5566, line 1: Failed to create WebGL context: WebGL creation failed: 
* Can't use WebGL in headless mode (https://bugzil.la/1375585).
JavaScript warning: https://ob.cheqzone.com/clicktrue_invocation.js?id=5566, line 1: WebGL warning: <Create>: Can't use WebGL in headless mode (https://bugzil.la/1375585).
JavaScript warning: https://ob.cheqzone.com/clicktrue_invocation.js?id=5566, line 1: Failed to create WebGL context: WebGL creation failed: 
* Can't use WebGL in headless mode (https://bugzil.la/1375585).
JavaScript warning: https://ob.cheqzone.com/clicktrue_invocation.js?id=5566, line 1: WebGL warning: <Create>: Can't use WebGL in headless mode (https://bugzil.la/1375585).
JavaScript warning: https://ob.cheqzone.com/clicktrue_invocation.js?id=5566, line 1: Failed to create WebGL context: WebGL creation failed: 
* Can't use WebGL in headless mode (https://bugzil.la/1375585).
JavaScript warning: https://ob.cheqzone.com/clicktrue_invocation.js?id=5566, line 1: WebGL warning: <Create>: Can't use WebGL in headless mode (https://bugzil.la/1375585).
JavaScript warning: https://ob.cheqzone.com/clicktrue_invocation.js?id=5566, line 1: Failed to create WebGL context: WebGL creation failed: 
* Can't use WebGL in headless mode (https://bugzil.la/1375585).
JavaScript warning: https://ob.cheqzone.com/clicktrue_invocation.js?id=5566, line 1: WebGL warning: <Create>: Can't use WebGL in headless mode (https://bugzil.la/1375585).
JavaScript warning: https://ob.cheqzone.com/clicktrue_invocation.js?id=5566, line 1: Failed to create WebGL context: WebGL creation failed: 
* Can't use WebGL in headless mode (https://bugzil.la/1375585).
JavaScript warning: https://ob.cheqzone.com/clicktrue_invocation.js?id=5566, line 1: WebGL warning: <Create>: Can't use WebGL in headless mode (https://bugzil.la/1375585).
JavaScript warning: https://ob.cheqzone.com/clicktrue_invocation.js?id=5566, line 1: Failed to create WebGL context: WebGL creation failed: 
* Can't use WebGL in headless mode (https://bugzil.la/1375585).
JavaScript warning: https://ob.cheqzone.com/clicktrue_invocation.js?id=5566, line 1: WebGL warning: <Create>: Can't use WebGL in headless mode (https://bugzil.la/1375585).
JavaScript warning: https://ob.cheqzone.com/clicktrue_invocation.js?id=5566, line 1: Failed to create WebGL context: WebGL creation failed: 
* Can't use WebGL in headless mode (https://bugzil.la/1375585).
JavaScript warning: https://ob.cheqzone.com/clicktrue_invocation.js?id=5566, line 1: WebGL warning: <Create>: Can't use WebGL in headless mode (https://bugzil.la/1375585).
JavaScript warning: https://ob.cheqzone.com/clicktrue_invocation.js?id=5566, line 1: Failed to create WebGL context: WebGL creation failed: 
* Can't use WebGL in headless mode (https://bugzil.la/1375585).
JavaScript warning: https://ob.cheqzone.com/clicktrue_invocation.js?id=5566, line 1: WebGL warning: <Create>: Can't use WebGL in headless mode (https://bugzil.la/1375585).
JavaScript warning: https://ob.cheqzone.com/clicktrue_invocation.js?id=5566, line 1: Failed to create WebGL context: WebGL creation failed: 
* Can't use WebGL in headless mode (https://bugzil.la/1375585).
JavaScript warning: https://ob.cheqzone.com/clicktrue_invocation.js?id=5566, line 1: WebGL warning: <Create>: Can't use WebGL in headless mode (https://bugzil.la/1375585).
JavaScript warning: https://ob.cheqzone.com/clicktrue_invocation.js?id=5566, line 1: Failed to create WebGL context: WebGL creation failed: 
* Can't use WebGL in headless mode (https://bugzil.la/1375585).
JavaScript warning: https://ob.cheqzone.com/clicktrue_invocation.js?id=5566, line 1: WebGL warning: <Create>: Can't use WebGL in headless mode (https://bugzil.la/1375585).
JavaScript warning: https://ob.cheqzone.com/clicktrue_invocation.js?id=5566, line 1: Failed to create WebGL context: WebGL creation failed: 
* Can't use WebGL in headless mode (https://bugzil.la/1375585).
JavaScript warning: https://ob.cheqzone.com/clicktrue_invocation.js?id=5566, line 1: WebGL warning: <Create>: Can't use WebGL in headless mode (https://bugzil.la/1375585).
JavaScript warning: https://ob.cheqzone.com/clicktrue_invocation.js?id=5566, line 1: Failed to create WebGL context: WebGL creation failed: 
* Can't use WebGL in headless mode (https://bugzil.la/1375585).
JavaScript warning: https://ob.cheqzone.com/clicktrue_invocation.js?id=5566, line 1: WebGL warning: <Create>: Can't use WebGL in headless mode (https://bugzil.la/1375585).
JavaScript warning: https://ob.cheqzone.com/clicktrue_invocation.js?id=5566, line 1: Failed to create WebGL context: WebGL creation failed: 
* Can't use WebGL in headless mode (https://bugzil.la/1375585).
JavaScript warning: https://ob.cheqzone.com/clicktrue_invocation.js?id=5566, line 1: WebGL warning: <Create>: Can't use WebGL in headless mode (https://bugzil.la/1375585).
JavaScript warning: https://ob.cheqzone.com/clicktrue_invocation.js?id=5566, line 1: Failed to create WebGL context: WebGL creation failed: 
* Can't use WebGL in headless mode (https://bugzil.la/1375585).
JavaScript warning: https://ob.cheqzone.com/clicktrue_invocation.js?id=5566, line 1: WebGL warning: <Create>: Can't use WebGL in headless mode (https://bugzil.la/1375585).
JavaScript warning: https://ob.cheqzone.com/clicktrue_invocation.js?id=5566, line 1: Failed to create WebGL context: WebGL creation failed: 
* Can't use WebGL in headless mode (https://bugzil.la/1375585).
JavaScript error: https://www.googletagmanager.com/gtm.js?id=GTM-5JB423, line 6858: uncaught exception: [object Object]
JavaScript error: https://www.googletagmanager.com/gtm.js?id=GTM-5JB423, line 6858: uncaught exception: [object Object]
JavaScript error: https://www.googletagmanager.com/gtm.js?id=GTM-5JB423, line 6858: uncaught exception: [object Object]
JavaScript error: https://www.googletagmanager.com/gtm.js?id=GTM-5JB423, line 6858: uncaught exception: [object Object]
